2020-06-25 18:07:28.813+0000 WARN [o.n.i.p.PageCache] The dbms.memory.pagecache.size setting has not been configured. It is recommended that this setting is always explicitly configured, to ensure the system has a balanced configuration. Until then, a computed heuristic value of 6625847296 bytes will be used instead. Run `neo4j-admin memrec` for memory configuration suggestions.
2020-06-25 18:07:29.090+0000 INFO [o.n.g.f.m.e.CommunityEditionModule] No locking implementation specified, defaulting to 'community'
2020-06-25 18:07:29.219+0000 INFO [o.n.g.f.GraphDatabaseFacadeFactory] Creating 'neo4j' database.
2020-06-25 18:07:29.249+0000 INFO [o.n.k.a.DatabaseAvailabilityGuard] Requirement `Database available` makes database neo4j unavailable.
2020-06-25 18:07:29.250+0000 INFO [o.n.k.a.DatabaseAvailabilityGuard] Database neo4j is unavailable.
2020-06-25 18:07:29.264+0000 INFO [o.n.i.d.DiagnosticsManager] --- INITIALIZED diagnostics START ---
2020-06-25 18:07:29.264+0000 INFO [o.n.i.d.DiagnosticsManager] Neo4j Kernel properties:
2020-06-25 18:07:29.264+0000 INFO [o.n.i.d.DiagnosticsManager] unsupported.dbms.directories.neo4j_home=C:\Users\EGrohs\workspace\Hearthstone-Tools\databases
2020-06-25 18:07:29.264+0000 INFO [o.n.i.d.DiagnosticsManager] dbms.active_database=neo4j
2020-06-25 18:07:29.264+0000 INFO [o.n.i.d.DiagnosticsManager] unsupported.dbms.directories.databases.root=C:\Users\EGrohs\workspace\Hearthstone-Tools\databases
2020-06-25 18:07:29.264+0000 INFO [o.n.i.d.DiagnosticsManager] unsupported.dbms.edition=community
2020-06-25 18:07:29.264+0000 INFO [o.n.i.d.DiagnosticsManager] unsupported.dbms.ephemeral=false
2020-06-25 18:07:29.264+0000 INFO [o.n.i.d.DiagnosticsManager] Diagnostics providers:
2020-06-25 18:07:29.264+0000 INFO [o.n.i.d.DiagnosticsManager] org.neo4j.kernel.configuration.Config
2020-06-25 18:07:29.265+0000 INFO [o.n.i.d.DiagnosticsManager] org.neo4j.internal.diagnostics.DiagnosticsManager
2020-06-25 18:07:29.265+0000 INFO [o.n.i.d.DiagnosticsManager] SYSTEM_MEMORY
2020-06-25 18:07:29.265+0000 INFO [o.n.i.d.DiagnosticsManager] JAVA_MEMORY
2020-06-25 18:07:29.265+0000 INFO [o.n.i.d.DiagnosticsManager] OPERATING_SYSTEM
2020-06-25 18:07:29.265+0000 INFO [o.n.i.d.DiagnosticsManager] JAVA_VIRTUAL_MACHINE
2020-06-25 18:07:29.265+0000 INFO [o.n.i.d.DiagnosticsManager] CLASSPATH
2020-06-25 18:07:29.265+0000 INFO [o.n.i.d.DiagnosticsManager] LIBRARY_PATH
2020-06-25 18:07:29.266+0000 INFO [o.n.i.d.DiagnosticsManager] SYSTEM_PROPERTIES
2020-06-25 18:07:29.266+0000 INFO [o.n.i.d.DiagnosticsManager] TIMEZONE_DATABASE
2020-06-25 18:07:29.266+0000 INFO [o.n.i.d.DiagnosticsManager] NETWORK
2020-06-25 18:07:29.266+0000 INFO [o.n.i.d.DiagnosticsManager] System memory information:
2020-06-25 18:07:29.268+0000 INFO [o.n.i.d.DiagnosticsManager] Total Physical memory: 15.87 GB
2020-06-25 18:07:29.268+0000 INFO [o.n.i.d.DiagnosticsManager] Free Physical memory: 7.12 GB
2020-06-25 18:07:29.268+0000 INFO [o.n.i.d.DiagnosticsManager] Committed virtual memory: 569.57 MB
2020-06-25 18:07:29.269+0000 INFO [o.n.i.d.DiagnosticsManager] Total swap space: 19.92 GB
2020-06-25 18:07:29.269+0000 INFO [o.n.i.d.DiagnosticsManager] Free swap space: 7.98 GB
2020-06-25 18:07:29.269+0000 INFO [o.n.i.d.DiagnosticsManager] JVM memory information:
2020-06-25 18:07:29.269+0000 INFO [o.n.i.d.DiagnosticsManager] Free  memory: 181.60 MB
2020-06-25 18:07:29.269+0000 INFO [o.n.i.d.DiagnosticsManager] Total memory: 237.50 MB
2020-06-25 18:07:29.269+0000 INFO [o.n.i.d.DiagnosticsManager] Max   memory: 3.53 GB
2020-06-25 18:07:29.269+0000 INFO [o.n.i.d.DiagnosticsManager] Garbage Collector: PS Scavenge: [PS Eden Space, PS Survivor Space]
2020-06-25 18:07:29.269+0000 INFO [o.n.i.d.DiagnosticsManager] Garbage Collector: PS MarkSweep: [PS Eden Space, PS Survivor Space, PS Old Gen]
2020-06-25 18:07:29.270+0000 INFO [o.n.i.d.DiagnosticsManager] Memory Pool: Code Cache (Non-heap memory): committed=5.56 MB, used=5.55 MB, max=240.00 MB, threshold=0.00 B
2020-06-25 18:07:29.270+0000 INFO [o.n.i.d.DiagnosticsManager] Memory Pool: Metaspace (Non-heap memory): committed=31.25 MB, used=29.57 MB, max=-1.00 B, threshold=0.00 B
2020-06-25 18:07:29.270+0000 INFO [o.n.i.d.DiagnosticsManager] Memory Pool: Compressed Class Space (Non-heap memory): committed=4.50 MB, used=4.07 MB, max=1.00 GB, threshold=0.00 B
2020-06-25 18:07:29.270+0000 INFO [o.n.i.d.DiagnosticsManager] Memory Pool: PS Eden Space (Heap memory): committed=127.00 MB, used=34.50 MB, max=1.30 GB, threshold=?
2020-06-25 18:07:29.270+0000 INFO [o.n.i.d.DiagnosticsManager] Memory Pool: PS Survivor Space (Heap memory): committed=10.50 MB, used=10.49 MB, max=10.50 MB, threshold=?
2020-06-25 18:07:29.270+0000 INFO [o.n.i.d.DiagnosticsManager] Memory Pool: PS Old Gen (Heap memory): committed=100.00 MB, used=10.92 MB, max=2.65 GB, threshold=0.00 B
2020-06-25 18:07:29.271+0000 INFO [o.n.i.d.DiagnosticsManager] Operating system information:
2020-06-25 18:07:29.271+0000 INFO [o.n.i.d.DiagnosticsManager] Operating System: Windows 10; version: 10.0; arch: amd64; cpus: 4
2020-06-25 18:07:29.271+0000 INFO [o.n.i.d.DiagnosticsManager] Process id: 72984@DESKTOP-LEKQOUB
2020-06-25 18:07:29.271+0000 INFO [o.n.i.d.DiagnosticsManager] Byte order: LITTLE_ENDIAN
2020-06-25 18:07:29.271+0000 INFO [o.n.i.d.DiagnosticsManager] Local timezone: America/Sao_Paulo
2020-06-25 18:07:29.271+0000 INFO [o.n.i.d.DiagnosticsManager] JVM information:
2020-06-25 18:07:29.271+0000 INFO [o.n.i.d.DiagnosticsManager] VM Name: Java HotSpot(TM) 64-Bit Server VM
2020-06-25 18:07:29.271+0000 INFO [o.n.i.d.DiagnosticsManager] VM Vendor: Oracle Corporation
2020-06-25 18:07:29.271+0000 INFO [o.n.i.d.DiagnosticsManager] VM Version: 25.251-b08
2020-06-25 18:07:29.272+0000 INFO [o.n.i.d.DiagnosticsManager] JIT compiler: HotSpot 64-Bit Tiered Compilers
2020-06-25 18:07:29.272+0000 INFO [o.n.i.d.DiagnosticsManager] VM Arguments: [-Dcom.sun.management.jmxremote, -Dcom.sun.management.jmxremote.port=52428, -Dcom.sun.management.jmxremote.authenticate=false, -Dcom.sun.management.jmxremote.ssl=false, -Djava.rmi.server.hostname=localhost, -Dspring.jmx.enabled=true, -Dspring.application.admin.enabled=true, -Xverify:none, -XX:TieredStopAtLevel=1, -Dspring.boot.project.name=Hearthstone-Tools, -Dfile.encoding=UTF-8]
2020-06-25 18:07:29.272+0000 INFO [o.n.i.d.DiagnosticsManager] Java classpath:
2020-06-25 18:07:29.285+0000 INFO [o.n.i.d.DiagnosticsManager]  [classpath + loader.0] file:/C:/Users/EGrohs/.gradle/caches/modules-2/files-2.1/ch.qos.logback/logback-core/1.2.3/864344400c3d4d92dfeb0a305dc87d953677c03c/logback-core-1.2.3.jar
2020-06-25 18:07:29.285+0000 INFO [o.n.i.d.DiagnosticsManager]  [bootstrap] C:\Program Files\Java\jre1.8.0_251\lib\jsse.jar
2020-06-25 18:07:29.285+0000 INFO [o.n.i.d.DiagnosticsManager]  [classpath + loader.0] file:/C:/Users/EGrohs/.gradle/caches/modules-2/files-2.1/org.springframework.data/spring-data-neo4j/5.4.0-M1/f4c4f2f96c3a26cf1b0d2d2939f55d0a1ebfff88/spring-data-neo4j-5.4.0-M1.jar
2020-06-25 18:07:29.285+0000 INFO [o.n.i.d.DiagnosticsManager]  [loader.1] file:/C:/Program%20Files/Java/jre1.8.0_251/lib/ext/access-bridge-64.jar
2020-06-25 18:07:29.285+0000 INFO [o.n.i.d.DiagnosticsManager]  [classpath + loader.0] file:/C:/Users/EGrohs/.gradle/caches/modules-2/files-2.1/org.neo4j/neo4j-cypher-logical-plans-3.4/3.4.17/18c4eb487a3d05905e97b676768a950f25c764bc/neo4j-cypher-logical-plans-3.4-3.4.17.jar
2020-06-25 18:07:29.285+0000 INFO [o.n.i.d.DiagnosticsManager]  [classpath + loader.0] file:/C:/Users/EGrohs/.gradle/caches/modules-2/files-2.1/com.github.fommil.netlib/netlib-native_ref-linux-x86_64/1.1/5a3e5787d03c39790d5ae08cce189dd1ccc4a38/netlib-native_ref-linux-x86_64-1.1-natives.jar
2020-06-25 18:07:29.286+0000 INFO [o.n.i.d.DiagnosticsManager]  [classpath + loader.0] file:/C:/Users/EGrohs/.gradle/caches/modules-2/files-2.1/com.sun.istack/istack-commons-runtime/3.0.11/4293b5f4e4e89d598f62bb2ba73b32132e7c3a27/istack-commons-runtime-3.0.11.jar
2020-06-25 18:07:29.286+0000 INFO [o.n.i.d.DiagnosticsManager]  [loader.1] file:/C:/Program%20Files/Java/jre1.8.0_251/lib/ext/sunec.jar
2020-06-25 18:07:29.286+0000 INFO [o.n.i.d.DiagnosticsManager]  [loader.1] file:/C:/Program%20Files/Java/jre1.8.0_251/lib/ext/zipfs.jar
2020-06-25 18:07:29.286+0000 INFO [o.n.i.d.DiagnosticsManager]  [classpath + loader.0] file:/C:/Users/EGrohs/.gradle/caches/modules-2/files-2.1/com.google.guava/guava-jdk5/17.0/463f8378feba44df7ba7cd9272d01837dad62b36/guava-jdk5-17.0.jar
2020-06-25 18:07:29.286+0000 INFO [o.n.i.d.DiagnosticsManager]  [classpath + loader.0] file:/C:/Users/EGrohs/.gradle/caches/modules-2/files-2.1/com.github.fracpete/jclipboardhelper/0.1.0/c962ca1ca1040ba8b7dd605ecc9c35c2aa19679a/jclipboardhelper-0.1.0.jar
2020-06-25 18:07:29.286+0000 INFO [o.n.i.d.DiagnosticsManager]  [classpath + loader.0] file:/C:/Users/EGrohs/.gradle/caches/modules-2/files-2.1/org.neo4j/neo4j-bolt/3.5.14/dd40d847fea782729cc99378ea4da62d42e0970f/neo4j-bolt-3.5.14.jar
2020-06-25 18:07:29.286+0000 INFO [o.n.i.d.DiagnosticsManager]  [classpath + loader.0] file:/C:/Users/EGrohs/.gradle/caches/modules-2/files-2.1/com.googlecode.netlib-java/netlib-java/1.1/4a9c3b55b23430e5a6ad86101a88aea500ba8086/netlib-java-1.1.jar
2020-06-25 18:07:29.286+0000 INFO [o.n.i.d.DiagnosticsManager]  [classpath + loader.0] file:/C:/Users/EGrohs/.gradle/caches/modules-2/files-2.1/com.github.fommil.netlib/netlib-native_system-win-i686/1.1/c25fd1881cf93f7716f47b7deec859f6b6b7be50/netlib-native_system-win-i686-1.1-natives.jar
2020-06-25 18:07:29.286+0000 INFO [o.n.i.d.DiagnosticsManager]  [classpath + loader.0] file:/C:/Users/EGrohs/.gradle/caches/modules-2/files-2.1/com.github.fommil.netlib/netlib-native_system-linux-i686/1.1/dd43225560dbd9115d306f9be3ca195aed236b78/netlib-native_system-linux-i686-1.1-natives.jar
2020-06-25 18:07:29.286+0000 INFO [o.n.i.d.DiagnosticsManager]  [classpath + loader.0] file:/C:/Users/EGrohs/.gradle/caches/modules-2/files-2.1/org.neo4j/neo4j-csv/3.5.14/65438e33174ba8442c14424ccecec6b4f16cada0/neo4j-csv-3.5.14.jar
2020-06-25 18:07:29.286+0000 INFO [o.n.i.d.DiagnosticsManager]  [classpath + loader.0] file:/C:/Users/EGrohs/.gradle/caches/modules-2/files-2.1/org.neo4j/neo4j-cypher-planner-spi-3.4/3.4.17/745e092cccca58daf9e35849e871ade0c6653a4e/neo4j-cypher-planner-spi-3.4-3.4.17.jar
2020-06-25 18:07:29.286+0000 INFO [o.n.i.d.DiagnosticsManager]  [classpath + loader.0] file:/C:/Users/EGrohs/.gradle/caches/modules-2/files-2.1/org.neo4j/neo4j-kernel/3.5.14/ed4c911f205eb8162b527565da9c62e32b865fe7/neo4j-kernel-3.5.14.jar
2020-06-25 18:07:29.286+0000 INFO [o.n.i.d.DiagnosticsManager]  [classpath + loader.0] file:/C:/Users/EGrohs/.gradle/caches/modules-2/files-2.1/com.profesorfalken/WMI4Java/1.6.1/628ef4ea73cd6046ddba222ab628eb9f521eb878/WMI4Java-1.6.1.jar
2020-06-25 18:07:29.287+0000 INFO [o.n.i.d.DiagnosticsManager]  [classpath + loader.0] file:/C:/Users/EGrohs/.gradle/caches/modules-2/files-2.1/org.neo4j/neo4j-cypher-util-3.4/3.4.17/d3f50f1a498164f41b35005dd6710b9171a3b2cf/neo4j-cypher-util-3.4-3.4.17.jar
2020-06-25 18:07:29.287+0000 INFO [o.n.i.d.DiagnosticsManager]  [classpath + loader.0] file:/C:/Users/EGrohs/.gradle/caches/modules-2/files-2.1/org.neo4j/neo4j-cypher-compiler-2.3/2.3.12/72ac3a861e32b681461d74523bfdadeeb6f8a72b/neo4j-cypher-compiler-2.3-2.3.12.jar
2020-06-25 18:07:29.287+0000 INFO [o.n.i.d.DiagnosticsManager]  [classpath + loader.0] file:/C:/Users/EGrohs/.gradle/caches/modules-2/files-2.1/com.github.fommil.netlib/netlib-native_ref-win-i686/1.1/167fb794a26cb0bfc74890c704c7137b1d5b50fd/netlib-native_ref-win-i686-1.1-natives.jar
2020-06-25 18:07:29.287+0000 INFO [o.n.i.d.DiagnosticsManager]  [classpath + loader.0] file:/C:/Users/EGrohs/.gradle/caches/modules-2/files-2.1/net.sf.opencsv/opencsv/2.3/c23708cdb9e80a144db433e23344a788a1fd6599/opencsv-2.3.jar
2020-06-25 18:07:29.287+0000 INFO [o.n.i.d.DiagnosticsManager]  [classpath + loader.0] file:/C:/Users/EGrohs/.gradle/caches/modules-2/files-2.1/org.neo4j/neo4j-concurrent/3.5.14/ce2272f29e0bfdacb335774e986fb38b8d2a4deb/neo4j-concurrent-3.5.14.jar
2020-06-25 18:07:29.287+0000 INFO [o.n.i.d.DiagnosticsManager]  [classpath + loader.0] file:/C:/Users/EGrohs/.gradle/caches/modules-2/files-2.1/org.springframework.boot/spring-boot-starter/2.4.0-SNAPSHOT/10a23f9d4d3db32b28f31975bec451f89c0b123c/spring-boot-starter-2.4.0-SNAPSHOT.jar
2020-06-25 18:07:29.287+0000 INFO [o.n.i.d.DiagnosticsManager]  [classpath + loader.0] file:/C:/Users/EGrohs/.gradle/caches/modules-2/files-2.1/com.github.fommil.netlib/native_ref-java/1.1/408c71ffbc3646dda7bee1e22bf19101e5e9ee90/native_ref-java-1.1.jar
2020-06-25 18:07:29.287+0000 INFO [o.n.i.d.DiagnosticsManager]  [classpath + loader.0] file:/C:/Users/EGrohs/.gradle/caches/modules-2/files-2.1/org.neo4j/neo4j-common/3.5.14/8c59aec7123372b7cc99062854a3b297333e2009/neo4j-common-3.5.14.jar
2020-06-25 18:07:29.287+0000 INFO [o.n.i.d.DiagnosticsManager]  [classpath + loader.0] file:/C:/Users/EGrohs/.gradle/caches/modules-2/files-2.1/org.neo4j/neo4j-cypher-planner-spi-3.5/3.5.14/eaafb1b33e19a08a84deaa64e725b7d9dd592589/neo4j-cypher-planner-spi-3.5-3.5.14.jar
2020-06-25 18:07:29.287+0000 INFO [o.n.i.d.DiagnosticsManager]  [classpath + loader.0] file:/C:/Users/EGrohs/.gradle/caches/modules-2/files-2.1/org.apache.commons/commons-text/1.4/680b74de9c393bbf8d9e951af301659b16845907/commons-text-1.4.jar
2020-06-25 18:07:29.287+0000 INFO [o.n.i.d.DiagnosticsManager]  [classpath + loader.0] file:/C:/Users/EGrohs/.gradle/caches/modules-2/files-2.1/com.googlecode.concurrentlinkedhashmap/concurrentlinkedhashmap-lru/1.4.2/2eaf3d3c9746d526ff7e5b93931d482c3887e6ac/concurrentlinkedhashmap-lru-1.4.2.jar
2020-06-25 18:07:29.287+0000 INFO [o.n.i.d.DiagnosticsManager]  [classpath + loader.0] file:/C:/Users/EGrohs/.gradle/caches/modules-2/files-2.1/com.github.vbmacher/java-cup/11b-20160615/589ba48d4cd8e35935178ba70a9b7911b062978b/java-cup-11b-20160615.jar
2020-06-25 18:07:29.287+0000 INFO [o.n.i.d.DiagnosticsManager]  [classpath + loader.0] file:/C:/Users/EGrohs/.gradle/caches/modules-2/files-2.1/org.neo4j/neo4j-legacy/3.5.14/dbb58e42ca059187ba96486d78e16399baa2e9ec/neo4j-legacy-3.5.14.jar
2020-06-25 18:07:29.287+0000 INFO [o.n.i.d.DiagnosticsManager]  [classpath + loader.0] file:/C:/Users/EGrohs/.gradle/caches/modules-2/files-2.1/org.apache.logging.log4j/log4j-api/2.13.3/ec1508160b93d274b1add34419b897bae84c6ca9/log4j-api-2.13.3.jar
2020-06-25 18:07:29.287+0000 INFO [o.n.i.d.DiagnosticsManager]  [classpath + loader.0] file:/C:/Users/EGrohs/.gradle/caches/modules-2/files-2.1/com.google.code.findbugs/jsr305/1.3.9/40719ea6961c0cb6afaeb6a921eaa1f6afd4cfdf/jsr305-1.3.9.jar
2020-06-25 18:07:29.287+0000 INFO [o.n.i.d.DiagnosticsManager]  [classpath + loader.0] file:/C:/Users/EGrohs/.gradle/caches/modules-2/files-2.1/org.hamcrest/hamcrest-core/2.2/3f2bd07716a31c395e2837254f37f21f0f0ab24b/hamcrest-core-2.2.jar
2020-06-25 18:07:29.288+0000 INFO [o.n.i.d.DiagnosticsManager]  [classpath + loader.0] file:/C:/Users/EGrohs/.gradle/caches/modules-2/files-2.1/org.neo4j/neo4j-util-3.5/3.5.14/e852461526272b510c1d51eed2ac9c08da82d83b/neo4j-util-3.5-3.5.14.jar
2020-06-25 18:07:29.288+0000 INFO [o.n.i.d.DiagnosticsManager]  [classpath + loader.0] file:/C:/Users/EGrohs/.gradle/caches/modules-2/files-2.1/com.fasterxml.jackson.datatype/jackson-datatype-jdk8/2.11.0/cca91d6375258fd7ff2a6abb7bf91eef492bd606/jackson-datatype-jdk8-2.11.0.jar
2020-06-25 18:07:29.288+0000 INFO [o.n.i.d.DiagnosticsManager]  [classpath + loader.0] file:/C:/Users/EGrohs/.gradle/caches/modules-2/files-2.1/org.neo4j/neo4j-expressions-3.5/3.5.14/f2c0c5f38c7eefea38bdcdcd5aa200e323e058e/neo4j-expressions-3.5-3.5.14.jar
2020-06-25 18:07:29.288+0000 INFO [o.n.i.d.DiagnosticsManager]  [classpath + loader.0] file:/C:/Users/EGrohs/.gradle/caches/modules-2/files-2.1/org.neo4j/neo4j-front-end-3.5/3.5.14/9fdd9bd27d84344fac426945c1a270b603a443d0/neo4j-front-end-3.5-3.5.14.jar
2020-06-25 18:07:29.288+0000 INFO [o.n.i.d.DiagnosticsManager]  [classpath + loader.0] file:/C:/Users/EGrohs/.gradle/caches/modules-2/files-2.1/io.netty/netty-all/4.1.50.Final/8ce226ed876a18cfb9984a2088c4e30265a10a08/netty-all-4.1.50.Final.jar
2020-06-25 18:07:29.288+0000 INFO [o.n.i.d.DiagnosticsManager]  [classpath + loader.0] file:/C:/Users/EGrohs/.gradle/caches/modules-2/files-2.1/org.neo4j/neo4j-annotation-processors/3.5.14/95fae95cd874ed924859dee5c5272c94e8709f94/neo4j-annotation-processors-3.5.14.jar
2020-06-25 18:07:29.288+0000 INFO [o.n.i.d.DiagnosticsManager]  [classpath + loader.0] file:/C:/Users/EGrohs/.gradle/caches/modules-2/files-2.1/org.neo4j/neo4j-io/3.5.14/2821591369c9bef96ebeb49bde530484c9a47df4/neo4j-io-3.5.14.jar
2020-06-25 18:07:29.288+0000 INFO [o.n.i.d.DiagnosticsManager]  [classpath + loader.0] file:/C:/Users/EGrohs/.gradle/caches/modules-2/files-2.1/com.google.j2objc/j2objc-annotations/1.1/ed28ded51a8b1c6b112568def5f4b455e6809019/j2objc-annotations-1.1.jar
2020-06-25 18:07:29.288+0000 INFO [o.n.i.d.DiagnosticsManager]  [classpath + loader.0] file:/C:/Users/EGrohs/.gradle/caches/modules-2/files-2.1/com.googlecode.matrix-toolkits-java/mtj/1.0.4/e14ed840ff5e15de92dba2d1af29201fa70a0f35/mtj-1.0.4.jar
2020-06-25 18:07:29.288+0000 INFO [o.n.i.d.DiagnosticsManager]  [bootstrap] C:\Program Files\Java\jre1.8.0_251\lib\rt.jar
2020-06-25 18:07:29.288+0000 INFO [o.n.i.d.DiagnosticsManager]  [classpath + loader.0] file:/C:/Users/EGrohs/.gradle/caches/modules-2/files-2.1/com.github.fommil.netlib/netlib-native_ref-linux-i686/1.1/eedd845b214aea560bce317d778ebb52f8f46038/netlib-native_ref-linux-i686-1.1-natives.jar
2020-06-25 18:07:29.288+0000 INFO [o.n.i.d.DiagnosticsManager]  [classpath + loader.0] file:/C:/Users/EGrohs/.gradle/caches/modules-2/files-2.1/org.slf4j/jul-to-slf4j/1.7.30/d58bebff8cbf70ff52b59208586095f467656c30/jul-to-slf4j-1.7.30.jar
2020-06-25 18:07:29.288+0000 INFO [o.n.i.d.DiagnosticsManager]  [classpath + loader.0] file:/C:/Users/EGrohs/.gradle/caches/modules-2/files-2.1/org.springframework/spring-web/5.3.0-M1/f8233f1801e72a147bbeda772d9b9b88bd2a83a2/spring-web-5.3.0-M1.jar
2020-06-25 18:07:29.288+0000 INFO [o.n.i.d.DiagnosticsManager]  [classpath + loader.0] file:/C:/Users/EGrohs/.gradle/caches/modules-2/files-2.1/com.google.oauth-client/google-oauth-client-java6/1.23.0/7acbddf56c4ad04efc9d3b48fe015e6250241bf0/google-oauth-client-java6-1.23.0.jar
2020-06-25 18:07:29.288+0000 INFO [o.n.i.d.DiagnosticsManager]  [classpath + loader.0] file:/C:/Users/EGrohs/.gradle/caches/modules-2/files-2.1/org.slf4j/slf4j-api/1.7.30/b5a4b6d16ab13e34a88fae84c35cd5d68cac922c/slf4j-api-1.7.30.jar
2020-06-25 18:07:29.288+0000 INFO [o.n.i.d.DiagnosticsManager]  [classpath + loader.0] file:/C:/Users/EGrohs/.gradle/caches/modules-2/files-2.1/org.neo4j/neo4j-ogm-bolt-driver/3.2.12/70e055a0d6c014e98f478deb0be5ac67f070c7ff/neo4j-ogm-bolt-driver-3.2.12.jar
2020-06-25 18:07:29.288+0000 INFO [o.n.i.d.DiagnosticsManager]  [classpath + loader.0] file:/C:/Users/EGrohs/.gradle/caches/modules-2/files-2.1/org.neo4j/neo4j-graph-algo/3.5.14/8d393a2be4ca78664cae402d3ac8f36e8c284906/neo4j-graph-algo-3.5.14.jar
2020-06-25 18:07:29.289+0000 INFO [o.n.i.d.DiagnosticsManager]  [classpath + loader.0] file:/C:/Users/EGrohs/.gradle/caches/modules-2/files-2.1/org.neo4j/neo4j-ast-3.5/3.5.14/1c95b3c459ec86c2382d157ad0335ce84242e5ba/neo4j-ast-3.5-3.5.14.jar
2020-06-25 18:07:29.289+0000 INFO [o.n.i.d.DiagnosticsManager]  [classpath + loader.0] file:/C:/Users/EGrohs/.gradle/caches/modules-2/files-2.1/org.neo4j/neo4j/3.5.14/e27965ce29b1ccc14a73eaa3ca1bfc8ff9a53d8/neo4j-3.5.14.jar
2020-06-25 18:07:29.289+0000 INFO [o.n.i.d.DiagnosticsManager]  [classpath + loader.0] file:/C:/Users/EGrohs/.gradle/caches/modules-2/files-2.1/org.neo4j/neo4j-jmx/3.5.14/44ab16d3145804704133284eebd8caeb541c1fa7/neo4j-jmx-3.5.14.jar
2020-06-25 18:07:29.289+0000 INFO [o.n.i.d.DiagnosticsManager]  [classpath + loader.0] file:/C:/Users/EGrohs/.gradle/caches/modules-2/files-2.1/jakarta.activation/jakarta.activation-api/1.2.2/99f53adba383cb1bf7c3862844488574b559621f/jakarta.activation-api-1.2.2.jar
2020-06-25 18:07:29.289+0000 INFO [o.n.i.d.DiagnosticsManager]  [classpath + loader.0] file:/C:/Users/EGrohs/.gradle/caches/modules-2/files-2.1/org.parboiled/parboiled-scala_2.11/1.1.7/4e14ecb11f40f25216ce01dc349f541bc801354f/parboiled-scala_2.11-1.1.7.jar
2020-06-25 18:07:29.289+0000 INFO [o.n.i.d.DiagnosticsManager]  [classpath + loader.0] file:/C:/Users/EGrohs/.gradle/caches/modules-2/files-2.1/org.apache.lucene/lucene-codecs/5.5.5/e62864e51b3db16766d400b718ec848b3d66db6/lucene-codecs-5.5.5.jar
2020-06-25 18:07:29.289+0000 INFO [o.n.i.d.DiagnosticsManager]  [classpath + loader.0] file:/C:/Users/EGrohs/.gradle/caches/modules-2/files-2.1/org.neo4j/neo4j-unsafe/3.5.14/c25bb50838df5ff28175d88933bb26d6e5d6da34/neo4j-unsafe-3.5.14.jar
2020-06-25 18:07:29.289+0000 INFO [o.n.i.d.DiagnosticsManager]  [classpath + loader.0] file:/C:/Users/EGrohs/.gradle/caches/modules-2/files-2.1/org.neo4j/neo4j-lucene-upgrade/3.5.14/8498931bc103fbfaa52115a6a774e7b14b8e60c0/neo4j-lucene-upgrade-3.5.14.jar
2020-06-25 18:07:29.289+0000 INFO [o.n.i.d.DiagnosticsManager]  [classpath + loader.0] file:/C:/Users/EGrohs/.gradle/caches/modules-2/files-2.1/org.neo4j/neo4j-parser-3.5/3.5.14/c6a5022e9005df7a8b834bf4459a11f05a2f722a/neo4j-parser-3.5-3.5.14.jar
2020-06-25 18:07:29.289+0000 INFO [o.n.i.d.DiagnosticsManager]  [classpath + loader.0] file:/C:/Users/EGrohs/.gradle/caches/modules-2/files-2.1/org.neo4j/neo4j-ogm-core/3.2.12/3b7e1c43a03ac0805e0f047d47766ee0b9111c18/neo4j-ogm-core-3.2.12.jar
2020-06-25 18:07:29.289+0000 INFO [o.n.i.d.DiagnosticsManager]  [loader.1] file:/C:/Program%20Files/Java/jre1.8.0_251/lib/ext/sunmscapi.jar
2020-06-25 18:07:29.289+0000 INFO [o.n.i.d.DiagnosticsManager]  [classpath + loader.0] file:/C:/Users/EGrohs/.gradle/caches/modules-2/files-2.1/com.github.fommil.netlib/netlib-native_system-win-x86_64/1.1/222c7915be1daf1c26a4206f375d4957ae5f9d81/netlib-native_system-win-x86_64-1.1-natives.jar
2020-06-25 18:07:29.289+0000 INFO [o.n.i.d.DiagnosticsManager]  [classpath + loader.0] file:/C:/Users/EGrohs/.gradle/caches/modules-2/files-2.1/org.neo4j/neo4j-cypher-logical-plans-3.5/3.5.14/fe0c2a6a488d3976f19b350f176f0542a79e9fd8/neo4j-cypher-logical-plans-3.5-3.5.14.jar
2020-06-25 18:07:29.289+0000 INFO [o.n.i.d.DiagnosticsManager]  [classpath + loader.0] file:/C:/Users/EGrohs/.gradle/caches/modules-2/files-2.1/com.fasterxml.jackson.module/jackson-module-parameter-names/2.11.0/950a1e9a7c1093e7ffd92b216d5a0667f1e39058/jackson-module-parameter-names-2.11.0.jar
2020-06-25 18:07:29.289+0000 INFO [o.n.i.d.DiagnosticsManager]  [loader.1] file:/C:/Program%20Files/Java/jre1.8.0_251/lib/ext/jaccess.jar
2020-06-25 18:07:29.289+0000 INFO [o.n.i.d.DiagnosticsManager]  [classpath + loader.0] file:/C:/Users/EGrohs/.gradle/caches/modules-2/files-2.1/org.ow2.asm/asm-util/6.2/a9690730f92cc79eeadc20e400ebb41eccce10b1/asm-util-6.2.jar
2020-06-25 18:07:29.289+0000 INFO [o.n.i.d.DiagnosticsManager]  [classpath + loader.0] file:/C:/Users/EGrohs/.gradle/caches/modules-2/files-2.1/org.springframework/spring-webmvc/5.3.0-M1/5aaa7335a6e51b63c9bcd628b42ff2496e32ac15/spring-webmvc-5.3.0-M1.jar
2020-06-25 18:07:29.289+0000 INFO [o.n.i.d.DiagnosticsManager]  [classpath + loader.0] file:/C:/Users/EGrohs/.gradle/caches/modules-2/files-2.1/com.fasterxml.jackson.datatype/jackson-datatype-jsr310/2.11.0/168b2d0e11478b9f0a1bfccd62d6b5e8547b1e6f/jackson-datatype-jsr310-2.11.0.jar
2020-06-25 18:07:29.289+0000 INFO [o.n.i.d.DiagnosticsManager]  [classpath + loader.0] file:/C:/Users/EGrohs/.gradle/caches/modules-2/files-2.1/org.neo4j/neo4j-cypher-ir-3.4/3.4.17/852344ff6b3c76eb9957554b8ff64b503697f7f1/neo4j-cypher-ir-3.4-3.4.17.jar
2020-06-25 18:07:29.289+0000 INFO [o.n.i.d.DiagnosticsManager]  [bootstrap] C:\Program Files\Java\jre1.8.0_251\classes
2020-06-25 18:07:29.289+0000 INFO [o.n.i.d.DiagnosticsManager]  [classpath + loader.0] file:/C:/Users/EGrohs/.gradle/caches/modules-2/files-2.1/com.github.luben/zstd-jni/1.3.8-6/f67bee23f938085bc732ac81f634b922b24f13e6/zstd-jni-1.3.8-6.jar
2020-06-25 18:07:29.290+0000 INFO [o.n.i.d.DiagnosticsManager]  [classpath + loader.0] file:/C:/Users/EGrohs/.gradle/caches/modules-2/files-2.1/com.profesorfalken/jPowerShell/1.9/22a7cdf6e460b9738e751bef9634b1b7cee55130/jPowerShell-1.9.jar
2020-06-25 18:07:29.290+0000 INFO [o.n.i.d.DiagnosticsManager]  [classpath + loader.0] file:/C:/Users/EGrohs/.gradle/caches/modules-2/files-2.1/org.eclipse.collections/eclipse-collections/9.2.0/f2f2406e2229497935b6e7dd6c41da7fd67f36a8/eclipse-collections-9.2.0.jar
2020-06-25 18:07:29.290+0000 INFO [o.n.i.d.DiagnosticsManager]  [classpath + loader.0] file:/C:/Users/EGrohs/.gradle/caches/modules-2/files-2.1/com.google.oauth-client/google-oauth-client/1.23.0/e57ea1e2220bda5a2bd24ff17860212861f3c5cf/google-oauth-client-1.23.0.jar
2020-06-25 18:07:29.290+0000 INFO [o.n.i.d.DiagnosticsManager]  [classpath + loader.0] file:/C:/Users/EGrohs/.gradle/caches/modules-2/files-2.1/org.neo4j/neo4j-graphdb-api/3.5.14/d8c2b9a3f992c0f54c62f38b695751d935a3bc0b/neo4j-graphdb-api-3.5.14.jar
2020-06-25 18:07:29.290+0000 INFO [o.n.i.d.DiagnosticsManager]  [classpath + loader.0] file:/C:/Users/EGrohs/.gradle/caches/modules-2/files-2.1/com.github.vbmacher/java-cup-runtime/11b-20160615/d934da5580347e172a3a25a71fa86e1d3554520e/java-cup-runtime-11b-20160615.jar
2020-06-25 18:07:29.290+0000 INFO [o.n.i.d.DiagnosticsManager]  [classpath + loader.0] file:/C:/Users/EGrohs/.gradle/caches/modules-2/files-2.1/org.neo4j/neo4j-kernel-api/3.5.14/c32266147f00be27cb0525dad6250c02750a1dee/neo4j-kernel-api-3.5.14.jar
2020-06-25 18:07:29.290+0000 INFO [o.n.i.d.DiagnosticsManager]  [classpath + loader.0] file:/C:/Users/EGrohs/.gradle/caches/modules-2/files-2.1/org.springframework.boot/spring-boot/2.4.0-SNAPSHOT/a68885a0bd5048871912c62dad63cd7860107bf7/spring-boot-2.4.0-SNAPSHOT.jar
2020-06-25 18:07:29.290+0000 INFO [o.n.i.d.DiagnosticsManager]  [classpath + loader.0] file:/C:/Users/EGrohs/.gradle/caches/modules-2/files-2.1/org.springframework/spring-context/5.3.0-M1/ec9bd1a0f0f3233ef1371dbb66613a15aa84a1ef/spring-context-5.3.0-M1.jar
2020-06-25 18:07:29.290+0000 INFO [o.n.i.d.DiagnosticsManager]  [classpath + loader.0] file:/C:/Users/EGrohs/.gradle/caches/modules-2/files-2.1/org.neo4j/neo4j-cypher-ir-3.5/3.5.14/dfd7301407d04cf7ac4336a8f0146f175c402017/neo4j-cypher-ir-3.5-3.5.14.jar
2020-06-25 18:07:29.290+0000 INFO [o.n.i.d.DiagnosticsManager]  [classpath + loader.0] file:/C:/Users/EGrohs/.gradle/caches/modules-2/files-2.1/org.neo4j/neo4j-cypher-expression-3.4/3.4.17/3f35be628b3610544a2bac2d10b4648ff81b5613/neo4j-cypher-expression-3.4-3.4.17.jar
2020-06-25 18:07:29.290+0000 INFO [o.n.i.d.DiagnosticsManager]  [classpath + loader.0] file:/C:/Users/EGrohs/.gradle/caches/modules-2/files-2.1/com.google.guava/guava/23.0/c947004bb13d18182be60077ade044099e4f26f1/guava-23.0.jar
2020-06-25 18:07:29.290+0000 INFO [o.n.i.d.DiagnosticsManager]  [classpath + loader.0] file:/C:/Users/EGrohs/.gradle/caches/modules-2/files-2.1/org.springframework/spring-expression/5.3.0-M1/4597230a94aec65e414de7af7f75ebf6d857c733/spring-expression-5.3.0-M1.jar
2020-06-25 18:07:29.290+0000 INFO [o.n.i.d.DiagnosticsManager]  [classpath + loader.0] file:/C:/Users/EGrohs/.gradle/caches/modules-2/files-2.1/com.github.fommil.netlib/netlib-native_ref-osx-x86_64/1.1/80da53ec862f283dc3b191b9dbd3166ea6671831/netlib-native_ref-osx-x86_64-1.1-natives.jar
2020-06-25 18:07:29.290+0000 INFO [o.n.i.d.DiagnosticsManager]  [classpath + loader.0] file:/C:/Users/EGrohs/.gradle/caches/modules-2/files-2.1/org.neo4j/neo4j-procedure-api/3.5.14/a6190e479d42bcfb95aed62e9e3bce4c7bdeabfb/neo4j-procedure-api-3.5.14.jar
2020-06-25 18:07:29.290+0000 INFO [o.n.i.d.DiagnosticsManager]  [classpath + loader.0] file:/C:/Users/EGrohs/.gradle/caches/modules-2/files-2.1/com.googlecode.json-simple/json-simple/1.1.1/c9ad4a0850ab676c5c64461a05ca524cdfff59f1/json-simple-1.1.1.jar
2020-06-25 18:07:29.290+0000 INFO [o.n.i.d.DiagnosticsManager]  [classpath + loader.0] file:/C:/Users/EGrohs/.gradle/caches/modules-2/files-2.1/org.neo4j/neo4j-cypher-compiler-3.1/3.1.9/6bec4dee36c05a56d19791cacc887d815ebbefd7/neo4j-cypher-compiler-3.1-3.1.9.jar
2020-06-25 18:07:29.290+0000 INFO [o.n.i.d.DiagnosticsManager]  [classpath + loader.0] file:/C:/Users/EGrohs/.gradle/caches/modules-2/files-2.1/org.bouncycastle/bcprov-jdk15on/1.60/bd47ad3bd14b8e82595c7adaa143501e60842a84/bcprov-jdk15on-1.60.jar
2020-06-25 18:07:29.290+0000 INFO [o.n.i.d.DiagnosticsManager]  [classpath + loader.0] file:/C:/Users/EGrohs/.gradle/caches/modules-2/files-2.1/org.projectlombok/lombok/1.18.6/616105b0831250a2e443447508e6a8b26bc466fb/lombok-1.18.6.jar
2020-06-25 18:07:29.290+0000 INFO [o.n.i.d.DiagnosticsManager]  [classpath + loader.0] file:/C:/Users/EGrohs/.gradle/caches/modules-2/files-2.1/org.mortbay.jetty/jetty-util/6.1.26/e5642fe0399814e1687d55a3862aa5a3417226a9/jetty-util-6.1.26.jar
2020-06-25 18:07:29.290+0000 INFO [o.n.i.d.DiagnosticsManager]  [classpath + loader.0] file:/C:/Users/EGrohs/.gradle/caches/modules-2/files-2.1/org.neo4j/neo4j-logging/3.5.14/3b7570fa9d3c374eb18d40c83cf948e7bb3e2e3f/neo4j-logging-3.5.14.jar
2020-06-25 18:07:29.290+0000 INFO [o.n.i.d.DiagnosticsManager]  [loader.1] file:/C:/Program%20Files/Java/jre1.8.0_251/lib/ext/localedata.jar
2020-06-25 18:07:29.290+0000 INFO [o.n.i.d.DiagnosticsManager]  [classpath + loader.0] file:/C:/Users/EGrohs/.gradle/caches/modules-2/files-2.1/com.github.fommil.netlib/core/1.1.2/574b480eca62f535fad6d259e144fee3ef24b66e/core-1.1.2.jar
2020-06-25 18:07:29.290+0000 INFO [o.n.i.d.DiagnosticsManager]  [classpath + loader.0] file:/C:/Users/EGrohs/.gradle/caches/modules-2/files-2.1/org.scala-lang/scala-library/2.11.12/bf5534e6fec3d665bd6419c952a929a8bdd4b591/scala-library-2.11.12.jar
2020-06-25 18:07:29.290+0000 INFO [o.n.i.d.DiagnosticsManager]  [classpath + loader.0] file:/C:/Users/EGrohs/.gradle/caches/modules-2/files-2.1/org.neo4j.driver/neo4j-java-driver/4.0.1/2cec3ec4d325037f54d449c5ba717f5305f2bc96/neo4j-java-driver-4.0.1.jar
2020-06-25 18:07:29.290+0000 INFO [o.n.i.d.DiagnosticsManager]  [classpath + loader.0] file:/C:/Users/EGrohs/.gradle/caches/modules-2/files-2.1/org.springframework/spring-aop/5.3.0-M1/88391d5407803fe3faecc6c139cf48df1be1a7c6/spring-aop-5.3.0-M1.jar
2020-06-25 18:07:29.291+0000 INFO [o.n.i.d.DiagnosticsManager]  [bootstrap] C:\Program Files\Java\jre1.8.0_251\lib\resources.jar
2020-06-25 18:07:29.291+0000 INFO [o.n.i.d.DiagnosticsManager]  [classpath + loader.0] file:/C:/Users/EGrohs/.gradle/caches/modules-2/files-2.1/org.mortbay.jetty/jetty/6.1.26/2f546e289fddd5b1fab1d4199fbb6e9ef43ee4b0/jetty-6.1.26.jar
2020-06-25 18:07:29.291+0000 INFO [o.n.i.d.DiagnosticsManager]  [classpath + loader.0] file:/C:/Users/EGrohs/.gradle/caches/modules-2/files-2.1/org.neo4j/neo4j-cypher-planner-3.4/3.4.17/b996bd9690afeb0b4610b72e229b8c3f7d8376f4/neo4j-cypher-planner-3.4-3.4.17.jar
2020-06-25 18:07:29.291+0000 INFO [o.n.i.d.DiagnosticsManager]  [classpath + loader.0] file:/C:/Users/EGrohs/.gradle/caches/modules-2/files-2.1/org.ow2.asm/asm/6.2/1b6c4ff09ce03f3052429139c2a68e295cae6604/asm-6.2.jar
2020-06-25 18:07:29.291+0000 INFO [o.n.i.d.DiagnosticsManager]  [loader.1] file:/C:/Program%20Files/Java/jre1.8.0_251/lib/ext/sunjce_provider.jar
2020-06-25 18:07:29.291+0000 INFO [o.n.i.d.DiagnosticsManager]  [classpath + loader.0] file:/C:/Users/EGrohs/.gradle/caches/modules-2/files-2.1/commons-codec/commons-codec/1.14/3cb1181b2141a7e752f5bdc998b7ef1849f726cf/commons-codec-1.14.jar
2020-06-25 18:07:29.291+0000 INFO [o.n.i.d.DiagnosticsManager]  [classpath + loader.0] file:/C:/Users/EGrohs/.gradle/caches/modules-2/files-2.1/com.github.fommil.netlib/netlib-native_system-linux-x86_64/1.1/163e88facabe7fa29952890dc2d3429e28501120/netlib-native_system-linux-x86_64-1.1-natives.jar
2020-06-25 18:07:29.291+0000 INFO [o.n.i.d.DiagnosticsManager]  [classpath + loader.0] file:/C:/Users/EGrohs/.gradle/caches/modules-2/files-2.1/org.apache.commons/commons-lang3/3.10/e155460aaf5b464062a09c3923f089ce99128a17/commons-lang3-3.10.jar
2020-06-25 18:07:29.291+0000 INFO [o.n.i.d.DiagnosticsManager]  [classpath + loader.0] file:/C:/Users/EGrohs/.gradle/caches/modules-2/files-2.1/com.github.ben-manes.caffeine/caffeine/2.8.4/e5730b11981406faa28e0912405a0ce7c2d0f377/caffeine-2.8.4.jar
2020-06-25 18:07:29.291+0000 INFO [o.n.i.d.DiagnosticsManager]  [classpath + loader.0] file:/C:/Users/EGrohs/workspace/Hearthstone-Tools/bin/main/
2020-06-25 18:07:29.291+0000 INFO [o.n.i.d.DiagnosticsManager]  [loader.1] file:/C:/Program%20Files/Java/jre1.8.0_251/lib/ext/cldrdata.jar
2020-06-25 18:07:29.291+0000 INFO [o.n.i.d.DiagnosticsManager]  [classpath + loader.0] file:/C:/Users/EGrohs/.gradle/caches/modules-2/files-2.1/org.hamcrest/hamcrest/2.2/1820c0968dba3a11a1b30669bb1f01978a91dedc/hamcrest-2.2.jar
2020-06-25 18:07:29.291+0000 INFO [o.n.i.d.DiagnosticsManager]  [classpath + loader.0] file:/C:/Users/EGrohs/.gradle/caches/modules-2/files-2.1/nz.ac.waikato.cms.weka.thirdparty/bounce/0.18/d774f9a0aa5cbe08dea8907720c64c417aed861/bounce-0.18.jar
2020-06-25 18:07:29.291+0000 INFO [o.n.i.d.DiagnosticsManager]  [classpath + loader.0] file:/C:/Users/EGrohs/.gradle/caches/modules-2/files-2.1/org.aspectj/aspectjrt/1.8.10/1a14fe9e912f6e8bdbb5429b78b4090d8b47bc1/aspectjrt-1.8.10.jar
2020-06-25 18:07:29.291+0000 INFO [o.n.i.d.DiagnosticsManager]  [bootstrap] C:\Program Files\Java\jre1.8.0_251\lib\jce.jar
2020-06-25 18:07:29.291+0000 INFO [o.n.i.d.DiagnosticsManager]  [classpath + loader.0] file:/C:/Users/EGrohs/.gradle/caches/modules-2/files-2.1/org.springframework/spring-tx/5.3.0-M1/c5d7ad698693d5afbb1ce4a8870188f9828227eb/spring-tx-5.3.0-M1.jar
2020-06-25 18:07:29.291+0000 INFO [o.n.i.d.DiagnosticsManager]  [classpath + loader.0] file:/C:/Users/EGrohs/.gradle/caches/modules-2/files-2.1/com.github.fommil.netlib/native_system-java/1.1/3c6a2455f96b354a6940dce1393abb35ed7641da/native_system-java-1.1.jar
2020-06-25 18:07:29.291+0000 INFO [o.n.i.d.DiagnosticsManager]  [classpath + loader.0] file:/C:/Users/EGrohs/.gradle/caches/modules-2/files-2.1/org.neo4j/neo4j-resource/3.5.14/83d3aef9134d3e29182d5c746c69b544e582a32b/neo4j-resource-3.5.14.jar
2020-06-25 18:07:29.291+0000 INFO [o.n.i.d.DiagnosticsManager]  [classpath + loader.0] file:/C:/Users/EGrohs/.gradle/caches/modules-2/files-2.1/org.apache.httpcomponents/httpcore/4.4.13/853b96d3afbb7bf8cc303fe27ee96836a10c1834/httpcore-4.4.13.jar
2020-06-25 18:07:29.291+0000 INFO [o.n.i.d.DiagnosticsManager]  [classpath + loader.0] file:/C:/Users/EGrohs/.gradle/caches/modules-2/files-2.1/org.neo4j/neo4j-graph-matching/3.1.9/5265d2eb2cc8df7bc66034b730d86be936ec76a9/neo4j-graph-matching-3.1.9.jar
2020-06-25 18:07:29.291+0000 INFO [o.n.i.d.DiagnosticsManager]  [loader.1] file:/C:/Program%20Files/Java/jre1.8.0_251/lib/ext/nashorn.jar
2020-06-25 18:07:29.291+0000 INFO [o.n.i.d.DiagnosticsManager]  [classpath + loader.0] file:/C:/Users/EGrohs/.gradle/caches/modules-2/files-2.1/org.springframework/spring-core/5.3.0-M1/74b7587143a044647d1bdae833cd3be299244840/spring-core-5.3.0-M1.jar
2020-06-25 18:07:29.291+0000 INFO [o.n.i.d.DiagnosticsManager]  [loader.1] file:/C:/Program%20Files/Java/jre1.8.0_251/lib/ext/dnsns.jar
2020-06-25 18:07:29.291+0000 INFO [o.n.i.d.DiagnosticsManager]  [classpath + loader.0] file:/C:/Users/EGrohs/.gradle/caches/modules-2/files-2.1/junit/junit/4.13/e49ccba652b735c93bd6e6f59760d8254cf597dd/junit-4.13.jar
2020-06-25 18:07:29.291+0000 INFO [o.n.i.d.DiagnosticsManager]  [classpath + loader.0] file:/C:/Users/EGrohs/.gradle/caches/modules-2/files-2.1/org.ow2.asm/asm-analysis/6.2/c7d9a90d221cbb977848d2c777eb3aa7637e89df/asm-analysis-6.2.jar
2020-06-25 18:07:29.291+0000 INFO [o.n.i.d.DiagnosticsManager]  [classpath + loader.0] file:/C:/Users/EGrohs/.gradle/caches/modules-2/files-2.1/org.springframework.boot/spring-boot-starter-data-neo4j/2.4.0-SNAPSHOT/30462f78f626442d4b1c9776a156828852027780/spring-boot-starter-data-neo4j-2.4.0-SNAPSHOT.jar
2020-06-25 18:07:29.291+0000 INFO [o.n.i.d.DiagnosticsManager]  [classpath + loader.0] file:/C:/Users/EGrohs/.gradle/caches/modules-2/files-2.1/org.neo4j/neo4j-cypher-runtime-util/3.5.14/ba2d4315a3969873f2828535cfd668842b17f102/neo4j-cypher-runtime-util-3.5.14.jar
2020-06-25 18:07:29.291+0000 INFO [o.n.i.d.DiagnosticsManager]  [classpath + loader.0] file:/C:/Users/EGrohs/.gradle/caches/modules-2/files-2.1/org.glassfish.jaxb/txw2/2.3.3/12f70b0ea4fc1ad45315e842f63f7c9a46f46530/txw2-2.3.3.jar
2020-06-25 18:07:29.292+0000 INFO [o.n.i.d.DiagnosticsManager]  [classpath + loader.0] file:/C:/Users/EGrohs/.gradle/caches/modules-2/files-2.1/com.fasterxml.jackson.core/jackson-annotations/2.11.0/c626020ae55d19c690d25cb51c1532ba76e5890f/jackson-annotations-2.11.0.jar
2020-06-25 18:07:29.292+0000 INFO [o.n.i.d.DiagnosticsManager]  [classpath + loader.0] file:/C:/Users/EGrohs/.gradle/caches/modules-2/files-2.1/org.eclipse.collections/eclipse-collections-api/9.2.0/d106fd8588e542d2ee9d31d3e057af8bcb813396/eclipse-collections-api-9.2.0.jar
2020-06-25 18:07:29.292+0000 INFO [o.n.i.d.DiagnosticsManager]  [classpath + loader.0] file:/C:/Users/EGrohs/.gradle/caches/modules-2/files-2.1/org.neo4j/neo4j-import-tool/3.5.14/1d6a570e240299e8f0ebe4135216c74dbf70d106/neo4j-import-tool-3.5.14.jar
2020-06-25 18:07:29.292+0000 INFO [o.n.i.d.DiagnosticsManager]  [classpath + loader.0] file:/C:/Users/EGrohs/.gradle/caches/modules-2/files-2.1/org.neo4j/neo4j-rewriting-3.5/3.5.14/25309bfc5c4a6dbf9a23de398e5ba348958ddac/neo4j-rewriting-3.5-3.5.14.jar
2020-06-25 18:07:29.292+0000 INFO [o.n.i.d.DiagnosticsManager]  [classpath + loader.0] file:/C:/Users/EGrohs/.gradle/caches/modules-2/files-2.1/com.fasterxml.jackson.core/jackson-core/2.11.0/f84302e14648f9f63c0c73951054aeb2ff0b810a/jackson-core-2.11.0.jar
2020-06-25 18:07:29.292+0000 INFO [o.n.i.d.DiagnosticsManager]  [classpath + loader.0] file:/C:/Users/EGrohs/.gradle/caches/modules-2/files-2.1/com.google.apis/google-api-services-sheets/v4-rev516-1.23.0/27be18389c71171d9248a0c1c84c41d57bba3267/google-api-services-sheets-v4-rev516-1.23.0.jar
2020-06-25 18:07:29.292+0000 INFO [o.n.i.d.DiagnosticsManager]  [classpath + loader.0] file:/C:/Users/EGrohs/.gradle/caches/modules-2/files-2.1/jakarta.annotation/jakarta.annotation-api/1.3.5/59eb84ee0d616332ff44aba065f3888cf002cd2d/jakarta.annotation-api-1.3.5.jar
2020-06-25 18:07:29.292+0000 INFO [o.n.i.d.DiagnosticsManager]  [classpath + loader.0] file:/C:/Users/EGrohs/.gradle/caches/modules-2/files-2.1/org.bouncycastle/bcpkix-jdk15on/1.60/d0c46320fbc07be3a24eb13a56cee4e3d38e0c75/bcpkix-jdk15on-1.60.jar
2020-06-25 18:07:29.292+0000 INFO [o.n.i.d.DiagnosticsManager]  [classpath + loader.0] file:/C:/Users/EGrohs/.gradle/caches/modules-2/files-2.1/org.apache.lucene/lucene-core/5.5.5/c34bcd9274859dc07cfed2a935aaca90c4f4b861/lucene-core-5.5.5.jar
2020-06-25 18:07:29.292+0000 INFO [o.n.i.d.DiagnosticsManager]  [classpath + loader.0] file:/C:/Users/EGrohs/.gradle/caches/modules-2/files-2.1/org.neo4j/neo4j-fulltext-index/3.5.14/dad4f3da306c935ddc3225025d287548589608c3/neo4j-fulltext-index-3.5.14.jar
2020-06-25 18:07:29.292+0000 INFO [o.n.i.d.DiagnosticsManager]  [classpath + loader.0] file:/C:/Users/EGrohs/.gradle/caches/modules-2/files-2.1/org.neo4j/neo4j-cypher-frontend-3.1/3.1.9/239d40944641be2f8d453d9823ec3d195ff6d61/neo4j-cypher-frontend-3.1-3.1.9.jar
2020-06-25 18:07:29.292+0000 INFO [o.n.i.d.DiagnosticsManager]  [classpath + loader.0] file:/C:/Users/EGrohs/.gradle/caches/modules-2/files-2.1/org.neo4j.licensing-proxy/zstd-proxy/3.5.14/f839ef283161af639c843f99c5d36e233efefd85/zstd-proxy-3.5.14.jar
2020-06-25 18:07:29.292+0000 INFO [o.n.i.d.DiagnosticsManager]  [classpath + loader.0] file:/C:/Users/EGrohs/.gradle/caches/modules-2/files-2.1/nz.ac.waikato.cms.weka/weka-stable/3.8.4/5ef1ef1a3b303eb01f2836e3a399972fe62e3ea9/weka-stable-3.8.4.jar
2020-06-25 18:07:29.292+0000 INFO [o.n.i.d.DiagnosticsManager]  [classpath + loader.0] file:/C:/Users/EGrohs/.gradle/caches/modules-2/files-2.1/org.neo4j/neo4j-cypher-interpreted-runtime/3.5.14/996bef1b95f37d586d8b05738b90a82b61323990/neo4j-cypher-interpreted-runtime-3.5.14.jar
2020-06-25 18:07:29.292+0000 INFO [o.n.i.d.DiagnosticsManager]  [classpath + loader.0] file:/C:/Users/EGrohs/.gradle/caches/modules-2/files-2.1/org.neo4j/neo4j-codegen/3.5.14/d4457f3c6dd6db5b7c987f8a027d4a662af705e6/neo4j-codegen-3.5.14.jar
2020-06-25 18:07:29.292+0000 INFO [o.n.i.d.DiagnosticsManager]  [classpath + loader.0] file:/C:/Users/EGrohs/.gradle/caches/modules-2/files-2.1/org.jsoup/jsoup/1.7.3/92568d7167ce1bf9eb1fd815b022d5a2c113547a/jsoup-1.7.3.jar
2020-06-25 18:07:29.292+0000 INFO [o.n.i.d.DiagnosticsManager]  [classpath + loader.0] file:/C:/Users/EGrohs/.gradle/caches/modules-2/files-2.1/org.neo4j/neo4j-ogm-embedded-driver/3.2.4/ec8adb96a691dca49b754c257ddd8bd56be42dcd/neo4j-ogm-embedded-driver-3.2.4.jar
2020-06-25 18:07:29.292+0000 INFO [o.n.i.d.DiagnosticsManager]  [classpath + loader.0] file:/C:/Users/EGrohs/.gradle/caches/modules-2/files-2.1/jakarta.xml.bind/jakarta.xml.bind-api/2.3.3/48e3b9cfc10752fba3521d6511f4165bea951801/jakarta.xml.bind-api-2.3.3.jar
2020-06-25 18:07:29.292+0000 INFO [o.n.i.d.DiagnosticsManager]  [loader.1] file:/C:/Program%20Files/Java/jre1.8.0_251/lib/ext/jfxrt.jar
2020-06-25 18:07:29.292+0000 INFO [o.n.i.d.DiagnosticsManager]  [classpath + loader.0] file:/C:/Users/EGrohs/.gradle/caches/modules-2/files-2.1/org.apache.httpcomponents/httpclient/4.5.12/4023a2a80b64c25926911faf350b50cd2a29220f/httpclient-4.5.12.jar
2020-06-25 18:07:29.292+0000 INFO [o.n.i.d.DiagnosticsManager]  [classpath + loader.0] file:/C:/Users/EGrohs/.gradle/caches/modules-2/files-2.1/net.sf.supercsv/super-csv/2.2.0/610e18fff0e7bd6cd072310f0d73fc982ffb6834/super-csv-2.2.0.jar
2020-06-25 18:07:29.292+0000 INFO [o.n.i.d.DiagnosticsManager]  [classpath + loader.0] file:/C:/Users/EGrohs/.gradle/caches/modules-2/files-2.1/com.google.errorprone/error_prone_annotations/2.3.4/dac170e4594de319655ffb62f41cbd6dbb5e601e/error_prone_annotations-2.3.4.jar
2020-06-25 18:07:29.292+0000 INFO [o.n.i.d.DiagnosticsManager]  [classpath + loader.0] file:/C:/Users/EGrohs/.gradle/caches/modules-2/files-2.1/org.parboiled/parboiled-core/1.1.7/a60ff9a54cbeb30ec44c89e16ac4c35913cbad5a/parboiled-core-1.1.7.jar
2020-06-25 18:07:29.293+0000 INFO [o.n.i.d.DiagnosticsManager]  [classpath + loader.0] file:/C:/Users/EGrohs/.gradle/caches/modules-2/files-2.1/org.apache.commons/commons-compress/1.19/7e65777fb451ddab6a9c054beb879e521b7eab78/commons-compress-1.19.jar
2020-06-25 18:07:29.293+0000 INFO [o.n.i.d.DiagnosticsManager]  [classpath + loader.0] file:/C:/Users/EGrohs/.gradle/caches/modules-2/files-2.1/org.neo4j/neo4j-data-collector/3.5.14/33d35f9c64b6ca3d2136b2ab9ca6a48931035cd2/neo4j-data-collector-3.5.14.jar
2020-06-25 18:07:29.293+0000 INFO [o.n.i.d.DiagnosticsManager]  [classpath + loader.0] file:/C:/Users/EGrohs/.gradle/caches/modules-2/files-2.1/org.springframework.boot/spring-boot-starter-logging/2.4.0-SNAPSHOT/bd738b5c7f85ac19ab7046c98febba35224248a/spring-boot-starter-logging-2.4.0-SNAPSHOT.jar
2020-06-25 18:07:29.293+0000 INFO [o.n.i.d.DiagnosticsManager]  [classpath + loader.0] file:/C:/Users/EGrohs/.gradle/caches/modules-2/files-2.1/org.neo4j/neo4j-index/3.5.14/d4459c1bea00347199253f07fd2bddd886d16c73/neo4j-index-3.5.14.jar
2020-06-25 18:07:29.293+0000 INFO [o.n.i.d.DiagnosticsManager]  [classpath + loader.0] file:/C:/Users/EGrohs/.gradle/caches/modules-2/files-2.1/org.neo4j/neo4j-command-line/3.5.14/a1f72b6c5a0ab90a05b731cf98c5b030340e9522/neo4j-command-line-3.5.14.jar
2020-06-25 18:07:29.293+0000 INFO [o.n.i.d.DiagnosticsManager]  [classpath + loader.0] file:/C:/Users/EGrohs/.gradle/caches/modules-2/files-2.1/org.jprocesses/jProcesses/1.6.4/f0d9e30bb02f67bc2d3d9981664f8e57e4ad1f81/jProcesses-1.6.4.jar
2020-06-25 18:07:29.293+0000 INFO [o.n.i.d.DiagnosticsManager]  [classpath + loader.0] file:/C:/Users/EGrohs/.gradle/caches/modules-2/files-2.1/org.neo4j/neo4j-values/3.5.14/18464e697a0fd7847f676a2ce91bdc47cd7d0232/neo4j-values-3.5.14.jar
2020-06-25 18:07:29.293+0000 INFO [o.n.i.d.DiagnosticsManager]  [classpath + loader.0] file:/C:/Users/EGrohs/.gradle/caches/modules-2/files-2.1/org.springframework/spring-beans/5.3.0-M1/6359f7a63afac2c71681b6d95bee4f79d4306be0/spring-beans-5.3.0-M1.jar
2020-06-25 18:07:29.293+0000 INFO [o.n.i.d.DiagnosticsManager]  [classpath + loader.0] file:/C:/Users/EGrohs/.gradle/caches/modules-2/files-2.1/com.google.http-client/google-http-client/1.23.0/8e86c84ff3c98eca6423e97780325b299133d858/google-http-client-1.23.0.jar
2020-06-25 18:07:29.293+0000 INFO [o.n.i.d.DiagnosticsManager]  [classpath + loader.0] file:/C:/Users/EGrohs/.gradle/caches/modules-2/files-2.1/org.neo4j/neo4j-udc/3.5.14/29db0a625a54a3d9209c9d80f6af530577572ace/neo4j-udc-3.5.14.jar
2020-06-25 18:07:29.293+0000 INFO [o.n.i.d.DiagnosticsManager]  [classpath + loader.0] file:/C:/Users/EGrohs/.gradle/caches/modules-2/files-2.1/com.google.http-client/google-http-client-jackson2/1.23.0/fd6761f4046a8cb0455e6fa5f58e12b061e9826e/google-http-client-jackson2-1.23.0.jar
2020-06-25 18:07:29.293+0000 INFO [o.n.i.d.DiagnosticsManager]  [classpath + loader.0] file:/C:/Users/EGrohs/.gradle/caches/modules-2/files-2.1/com.github.fommil.netlib/netlib-native_system-osx-x86_64/1.1/d724e33675dc8eaa5c8fcb05a3aaca6f3339afa7/netlib-native_system-osx-x86_64-1.1-natives.jar
2020-06-25 18:07:29.293+0000 INFO [o.n.i.d.DiagnosticsManager]  [classpath + loader.0] file:/C:/Users/EGrohs/.gradle/caches/modules-2/files-2.1/org.springframework.boot/spring-boot-starter-web/2.4.0-SNAPSHOT/2201b953aca1290d349cfcd085f9e59df1a77410/spring-boot-starter-web-2.4.0-SNAPSHOT.jar
2020-06-25 18:07:29.293+0000 INFO [o.n.i.d.DiagnosticsManager]  [classpath + loader.0] file:/C:/Users/EGrohs/.gradle/caches/modules-2/files-2.1/io.github.classgraph/classgraph/4.8.72/17b0fb7eff9b528d965d35f1720c50a2ba0b8d0/classgraph-4.8.72.jar
2020-06-25 18:07:29.293+0000 INFO [o.n.i.d.DiagnosticsManager]  [classpath + loader.0] file:/C:/Users/EGrohs/.gradle/caches/modules-2/files-2.1/org.neo4j/neo4j-collections/3.5.14/adc2c2ecb7a5467e1663ba972c3fb42c4eccf1ea/neo4j-collections-3.5.14.jar
2020-06-25 18:07:29.293+0000 INFO [o.n.i.d.DiagnosticsManager]  [classpath + loader.0] file:/C:/Users/EGrohs/.gradle/caches/modules-2/files-2.1/org.checkerframework/checker-qual/3.4.0/36830784bdefda6dcf8fc217e0416d8291bfe7fa/checker-qual-3.4.0.jar
2020-06-25 18:07:29.293+0000 INFO [o.n.i.d.DiagnosticsManager]  [classpath + loader.0] file:/C:/Users/EGrohs/.gradle/caches/modules-2/files-2.1/com.fasterxml.jackson.core/jackson-databind/2.11.0/8f5aaf3878b0647ff3a16610af53b1a5c05d9f15/jackson-databind-2.11.0.jar
2020-06-25 18:07:29.293+0000 INFO [o.n.i.d.DiagnosticsManager]  [bootstrap] C:\Program Files\Java\jre1.8.0_251\lib\sunrsasign.jar
2020-06-25 18:07:29.293+0000 INFO [o.n.i.d.DiagnosticsManager]  [classpath + loader.0] file:/C:/Users/EGrohs/.gradle/caches/modules-2/files-2.1/com.github.fommil.netlib/netlib-native_ref-win-x86_64/1.1/4ab54511c2844546279d9f8e427c73953b794686/netlib-native_ref-win-x86_64-1.1-natives.jar
2020-06-25 18:07:29.293+0000 INFO [o.n.i.d.DiagnosticsManager]  [classpath + loader.0] file:/C:/Users/EGrohs/.gradle/caches/modules-2/files-2.1/org.neo4j/neo4j-dbms/3.5.14/cc7aff31db8a1f28159380bb93acb83e86ec1a/neo4j-dbms-3.5.14.jar
2020-06-25 18:07:29.293+0000 INFO [o.n.i.d.DiagnosticsManager]  [classpath + loader.0] file:/C:/Users/EGrohs/.gradle/caches/modules-2/files-2.1/com.github.fommil/jniloader/1.1/4840f897eeb54d67ee14e478f8a45cc9937f3ce1/jniloader-1.1.jar
2020-06-25 18:07:29.293+0000 INFO [o.n.i.d.DiagnosticsManager]  [classpath + loader.0] file:/C:/Users/EGrohs/.gradle/caches/modules-2/files-2.1/org.yaml/snakeyaml/1.26/a78a8747147d2c5807683e76ec2b633e95c14fe9/snakeyaml-1.26.jar
2020-06-25 18:07:29.294+0000 INFO [o.n.i.d.DiagnosticsManager]  [classpath + loader.0] file:/C:/Users/EGrohs/.gradle/caches/modules-2/files-2.1/org.neo4j/neo4j-diagnostics/3.5.14/b13514a009f633087e48635903c44f2bdad024ef/neo4j-diagnostics-3.5.14.jar
2020-06-25 18:07:29.294+0000 INFO [o.n.i.d.DiagnosticsManager]  [classpath + loader.0] file:/C:/Users/EGrohs/.gradle/caches/modules-2/files-2.1/org.codehaus.mojo/animal-sniffer-annotations/1.14/775b7e22fb10026eed3f86e8dc556dfafe35f2d5/animal-sniffer-annotations-1.14.jar
2020-06-25 18:07:29.294+0000 INFO [o.n.i.d.DiagnosticsManager]  [classpath + loader.0] file:/C:/Users/EGrohs/.gradle/caches/modules-2/files-2.1/org.springframework/spring-jcl/5.3.0-M1/1ed88cb43679308970caaaadfb85821c0acdd0b9/spring-jcl-5.3.0-M1.jar
2020-06-25 18:07:29.294+0000 INFO [o.n.i.d.DiagnosticsManager]  [classpath + loader.0] file:/C:/Users/EGrohs/.gradle/caches/modules-2/files-2.1/org.springframework.boot/spring-boot-starter-json/2.4.0-SNAPSHOT/d37993a63f995b6c08e5b4c2599aeda3495f16c4/spring-boot-starter-json-2.4.0-SNAPSHOT.jar
2020-06-25 18:07:29.294+0000 INFO [o.n.i.d.DiagnosticsManager]  [classpath + loader.0] file:/C:/Users/EGrohs/.gradle/caches/modules-2/files-2.1/org.scala-lang/scala-reflect/2.11.12/2bb23c13c527566d9828107ca4108be2a2c06f01/scala-reflect-2.11.12.jar
2020-06-25 18:07:29.294+0000 INFO [o.n.i.d.DiagnosticsManager]  [classpath + loader.0] file:/C:/Users/EGrohs/.gradle/caches/modules-2/files-2.1/org.neo4j/neo4j-cypher-frontend-2.3/2.3.12/d87e903d0b8a10b34ff8f6372362777e51bfbfbe/neo4j-cypher-frontend-2.3-2.3.12.jar
2020-06-25 18:07:29.294+0000 INFO [o.n.i.d.DiagnosticsManager]  [classpath + loader.0] file:/C:/Users/EGrohs/.gradle/caches/modules-2/files-2.1/org.neo4j/neo4j-ogm-api/3.2.12/1f0e39e65023be9adce99d7f1daf3ba189dd9865/neo4j-ogm-api-3.2.12.jar
2020-06-25 18:07:29.294+0000 INFO [o.n.i.d.DiagnosticsManager]  [classpath + loader.0] file:/C:/Users/EGrohs/.gradle/caches/modules-2/files-2.1/org.ow2.asm/asm-tree/6.2/61570e046111559f38d4e0e580c005f75988c0a6/asm-tree-6.2.jar
2020-06-25 18:07:29.294+0000 INFO [o.n.i.d.DiagnosticsManager]  [bootstrap] C:\Program Files\Java\jre1.8.0_251\lib\jfr.jar
2020-06-25 18:07:29.294+0000 INFO [o.n.i.d.DiagnosticsManager]  [classpath + loader.0] file:/C:/Users/EGrohs/.gradle/caches/modules-2/files-2.1/org.springframework.data/spring-data-commons/2.4.0-M1/b056e13909a62f42ced74bbbf0ae8c89808ab8d7/spring-data-commons-2.4.0-M1.jar
2020-06-25 18:07:29.294+0000 INFO [o.n.i.d.DiagnosticsManager]  [classpath + loader.0] file:/C:/Users/EGrohs/.gradle/caches/modules-2/files-2.1/org.neo4j/neo4j-lucene-index/3.5.14/4dcd4e0eec50aa04d980e5d69acfa802176574a8/neo4j-lucene-index-3.5.14.jar
2020-06-25 18:07:29.294+0000 INFO [o.n.i.d.DiagnosticsManager]  [classpath + loader.0] file:/C:/Users/EGrohs/.gradle/caches/modules-2/files-2.1/org.apache.lucene/lucene-analyzers-common/5.5.5/e6b3f5d1b33ed24da7eef0a72f8062bd4652700c/lucene-analyzers-common-5.5.5.jar
2020-06-25 18:07:29.294+0000 INFO [o.n.i.d.DiagnosticsManager]  [classpath + loader.0] file:/C:/Users/EGrohs/.gradle/caches/modules-2/files-2.1/com.sun.activation/jakarta.activation/1.2.2/74548703f9851017ce2f556066659438019e7eb5/jakarta.activation-1.2.2.jar
2020-06-25 18:07:29.294+0000 INFO [o.n.i.d.DiagnosticsManager]  [classpath + loader.0] file:/C:/Users/EGrohs/.gradle/caches/modules-2/files-2.1/org.neo4j/neo4j-cypher-planner-3.5/3.5.14/3d42d353a7c69cf41392a4b13729cb1f05a15dbc/neo4j-cypher-planner-3.5-3.5.14.jar
2020-06-25 18:07:29.294+0000 INFO [o.n.i.d.DiagnosticsManager]  [classpath + loader.0] file:/C:/Users/EGrohs/.gradle/caches/modules-2/files-2.1/org.neo4j/neo4j-consistency-check/3.5.14/1d4be7ae4aea4c0d8eedfff4fb23f5c74dd8b4aa/neo4j-consistency-check-3.5.14.jar
2020-06-25 18:07:29.294+0000 INFO [o.n.i.d.DiagnosticsManager]  [classpath + loader.0] file:/C:/Users/EGrohs/.gradle/caches/modules-2/files-2.1/com.google.oauth-client/google-oauth-client-jetty/1.23.0/e0deaf34371e9ca09f9a04bcbaa854243283cae4/google-oauth-client-jetty-1.23.0.jar
2020-06-25 18:07:29.294+0000 INFO [o.n.i.d.DiagnosticsManager]  [classpath + loader.0] file:/C:/Users/EGrohs/.gradle/caches/modules-2/files-2.1/org.neo4j/neo4j-cypher/3.5.14/effd41274b188665e20cbc50ce28aa16d2499cd3/neo4j-cypher-3.5.14.jar
2020-06-25 18:07:29.294+0000 INFO [o.n.i.d.DiagnosticsManager]  [bootstrap] C:\Program Files\Java\jre1.8.0_251\lib\charsets.jar
2020-06-25 18:07:29.294+0000 INFO [o.n.i.d.DiagnosticsManager]  [classpath + loader.0] file:/C:/Users/EGrohs/.gradle/caches/modules-2/files-2.1/com.github.fracpete/jfilechooser-bookmarks/0.1.6/cf79ff5ab7fba256282e546da97a8e7136e9258b/jfilechooser-bookmarks-0.1.6.jar
2020-06-25 18:07:29.295+0000 INFO [o.n.i.d.DiagnosticsManager]  [classpath + loader.0] file:/C:/Users/EGrohs/.gradle/caches/modules-2/files-2.1/org.glassfish.jaxb/jaxb-runtime/2.3.3/c46b68a6e3a2d84ba4eb14c6a8a1a9a7be4048bc/jaxb-runtime-2.3.3.jar
2020-06-25 18:07:29.295+0000 INFO [o.n.i.d.DiagnosticsManager]  [classpath + loader.0] file:/C:/Users/EGrohs/.gradle/caches/modules-2/files-2.1/org.neo4j/neo4j-spatial-index/3.5.14/7488b22228675b7e4974db602a40cd610e66b368/neo4j-spatial-index-3.5.14.jar
2020-06-25 18:07:29.295+0000 INFO [o.n.i.d.DiagnosticsManager]  [classpath + loader.0] file:/C:/Users/EGrohs/.gradle/caches/modules-2/files-2.1/com.google.api-client/google-api-client/1.23.0/522ea860eb48dee71dfe2c61a1fd09663539f556/google-api-client-1.23.0.jar
2020-06-25 18:07:29.295+0000 INFO [o.n.i.d.DiagnosticsManager]  [classpath + loader.0] file:/C:/Users/EGrohs/.gradle/caches/modules-2/files-2.1/org.neo4j/neo4j-configuration/3.5.14/6b11f937678ce0f7b81d52521ee13b4ac79263cf/neo4j-configuration-3.5.14.jar
2020-06-25 18:07:29.295+0000 INFO [o.n.i.d.DiagnosticsManager]  [classpath + loader.0] file:/C:/Users/EGrohs/.gradle/caches/modules-2/files-2.1/org.apache.lucene/lucene-queryparser/5.5.5/6c965eb5838a2ba58b0de0fd860a420dcda11937/lucene-queryparser-5.5.5.jar
2020-06-25 18:07:29.295+0000 INFO [o.n.i.d.DiagnosticsManager]  [classpath + loader.0] file:/C:/Users/EGrohs/.gradle/caches/modules-2/files-2.1/org.neo4j/neo4j-ssl/3.5.14/383d56ff6cc54b622416cb89b318c80c9833f9df/neo4j-ssl-3.5.14.jar
2020-06-25 18:07:29.295+0000 INFO [o.n.i.d.DiagnosticsManager]  [classpath + loader.0] file:/C:/Users/EGrohs/.gradle/caches/modules-2/files-2.1/org.apache.logging.log4j/log4j-to-slf4j/2.13.3/966f6fd1af4959d6b12bfa880121d4a2b164f857/log4j-to-slf4j-2.13.3.jar
2020-06-25 18:07:29.295+0000 INFO [o.n.i.d.DiagnosticsManager]  [classpath + loader.0] file:/C:/Users/EGrohs/.gradle/caches/modules-2/files-2.1/org.reactivestreams/reactive-streams/1.0.3/d9fb7a7926ffa635b3dcaa5049fb2bfa25b3e7d0/reactive-streams-1.0.3.jar
2020-06-25 18:07:29.295+0000 INFO [o.n.i.d.DiagnosticsManager]  [loader.1] file:/C:/Program%20Files/Java/jre1.8.0_251/lib/ext/sunpkcs11.jar
2020-06-25 18:07:29.295+0000 INFO [o.n.i.d.DiagnosticsManager]  [classpath + loader.0] file:/C:/Users/EGrohs/.gradle/caches/modules-2/files-2.1/com.github.fommil.netlib/netlib-native_system-linux-armhf/1.1/27ae9f6a9c88b3f8d12ffa52d62941615f8ed416/netlib-native_system-linux-armhf-1.1-natives.jar
2020-06-25 18:07:29.295+0000 INFO [o.n.i.d.DiagnosticsManager]  [classpath + loader.0] file:/C:/Users/EGrohs/.gradle/caches/modules-2/files-2.1/net.sourceforge.f2j/arpack_combined_all/0.1/225619a060b42605b4d9fd4af11815664abf26eb/arpack_combined_all-0.1.jar
2020-06-25 18:07:29.295+0000 INFO [o.n.i.d.DiagnosticsManager]  [classpath + loader.0] file:/C:/Users/EGrohs/.gradle/caches/modules-2/files-2.1/org.springframework.boot/spring-boot-autoconfigure/2.4.0-SNAPSHOT/ab13227349b0b5c4be282bac808896e9e3ba9ec/spring-boot-autoconfigure-2.4.0-SNAPSHOT.jar
2020-06-25 18:07:29.295+0000 INFO [o.n.i.d.DiagnosticsManager]  [classpath + loader.0] file:/C:/Users/EGrohs/.gradle/caches/modules-2/files-2.1/ch.qos.logback/logback-classic/1.2.3/7c4f3c474fb2c041d8028740440937705ebb473a/logback-classic-1.2.3.jar
2020-06-25 18:07:29.295+0000 INFO [o.n.i.d.DiagnosticsManager]  [classpath + loader.0] file:/C:/Users/EGrohs/.gradle/caches/modules-2/files-2.1/com.github.fommil.netlib/netlib-native_ref-linux-armhf/1.1/ec467162f74710fd8897cff6888534ceaf297d9a/netlib-native_ref-linux-armhf-1.1-natives.jar
2020-06-25 18:07:29.295+0000 INFO [o.n.i.d.DiagnosticsManager]  [classpath + loader.0] file:/C:/Users/EGrohs/.gradle/caches/modules-2/files-2.1/org.neo4j/openCypher-frontend-1/3.4.17/be1074d07a4940a001e9ef6fac1225370ab38530/openCypher-frontend-1-3.4.17.jar
2020-06-25 18:07:29.296+0000 INFO [o.n.i.d.DiagnosticsManager] Library path:
2020-06-25 18:07:29.296+0000 INFO [o.n.i.d.DiagnosticsManager] C:\Program Files\Java\jre1.8.0_251\bin
2020-06-25 18:07:29.296+0000 INFO [o.n.i.d.DiagnosticsManager] C:\Windows\Sun\Java\bin
2020-06-25 18:07:29.297+0000 INFO [o.n.i.d.DiagnosticsManager] C:\Windows\System32
2020-06-25 18:07:29.297+0000 INFO [o.n.i.d.DiagnosticsManager] C:\Windows
2020-06-25 18:07:29.298+0000 INFO [o.n.i.d.DiagnosticsManager] C:\Program Files (x86)\Common Files\Oracle\Java\javapath
2020-06-25 18:07:29.298+0000 INFO [o.n.i.d.DiagnosticsManager] C:\Windows\System32
2020-06-25 18:07:29.298+0000 INFO [o.n.i.d.DiagnosticsManager] C:\Windows
2020-06-25 18:07:29.298+0000 INFO [o.n.i.d.DiagnosticsManager] C:\Windows\System32\wbem
2020-06-25 18:07:29.299+0000 INFO [o.n.i.d.DiagnosticsManager] C:\Windows\System32\WindowsPowerShell\v1.0
2020-06-25 18:07:29.299+0000 INFO [o.n.i.d.DiagnosticsManager] C:\Windows\System32\OpenSSH
2020-06-25 18:07:29.299+0000 INFO [o.n.i.d.DiagnosticsManager] C:\Users\EGrohs\AppData\Local\Programs\Python\Python38\Scripts
2020-06-25 18:07:29.300+0000 INFO [o.n.i.d.DiagnosticsManager] C:\Users\EGrohs\AppData\Local\Programs\Python\Python38
2020-06-25 18:07:29.300+0000 INFO [o.n.i.d.DiagnosticsManager] C:\Program Files\Git\cmd
2020-06-25 18:07:29.300+0000 INFO [o.n.i.d.DiagnosticsManager] C:\Program Files\apache-maven-3.6.3\bin
2020-06-25 18:07:29.300+0000 INFO [o.n.i.d.DiagnosticsManager] C:\Program Files (x86)\Graphviz2.38\bin
2020-06-25 18:07:29.301+0000 INFO [o.n.i.d.DiagnosticsManager] C:\Program Files\SafeNet\Authentication\SAC\x64
2020-06-25 18:07:29.301+0000 INFO [o.n.i.d.DiagnosticsManager] C:\Program Files\SafeNet\Authentication\SAC\x32
2020-06-25 18:07:29.301+0000 INFO [o.n.i.d.DiagnosticsManager] C:\Program Files\PuTTY
2020-06-25 18:07:29.302+0000 INFO [o.n.i.d.DiagnosticsManager] C:\Program Files (x86)\Yarn\bin
2020-06-25 18:07:29.302+0000 INFO [o.n.i.d.DiagnosticsManager] C:\Program Files\nodejs
2020-06-25 18:07:29.302+0000 INFO [o.n.i.d.DiagnosticsManager] C:\Users\EGrohs\AppData\Local\Microsoft\WindowsApps
2020-06-25 18:07:29.303+0000 INFO [o.n.i.d.DiagnosticsManager] C:\Users\EGrohs\AppData\Local\Yarn\bin
2020-06-25 18:07:29.303+0000 INFO [o.n.i.d.DiagnosticsManager] C:\Users\EGrohs\AppData\Roaming\npm
2020-06-25 18:07:29.303+0000 INFO [o.n.i.d.DiagnosticsManager] C:\Users\EGrohs\AppData\Local\Programs\Microsoft VS Code\bin
2020-06-25 18:07:29.304+0000 INFO [o.n.i.d.DiagnosticsManager] C:\Users\EGrohs\workspace\Hearthstone-Tools
2020-06-25 18:07:29.304+0000 INFO [o.n.i.d.DiagnosticsManager] System.properties:
2020-06-25 18:07:29.304+0000 INFO [o.n.i.d.DiagnosticsManager] com.sun.management.jmxremote.authenticate = false
2020-06-25 18:07:29.304+0000 INFO [o.n.i.d.DiagnosticsManager] sun.boot.library.path = C:\Program Files\Java\jre1.8.0_251\bin
2020-06-25 18:07:29.304+0000 INFO [o.n.i.d.DiagnosticsManager] path.separator = ;
2020-06-25 18:07:29.304+0000 INFO [o.n.i.d.DiagnosticsManager] file.encoding.pkg = sun.io
2020-06-25 18:07:29.304+0000 INFO [o.n.i.d.DiagnosticsManager] user.country = BR
2020-06-25 18:07:29.304+0000 INFO [o.n.i.d.DiagnosticsManager] user.script = 
2020-06-25 18:07:29.304+0000 INFO [o.n.i.d.DiagnosticsManager] sun.java.launcher = SUN_STANDARD
2020-06-25 18:07:29.304+0000 INFO [o.n.i.d.DiagnosticsManager] sun.os.patch.level = 
2020-06-25 18:07:29.304+0000 INFO [o.n.i.d.DiagnosticsManager] PID = 72984
2020-06-25 18:07:29.304+0000 INFO [o.n.i.d.DiagnosticsManager] com.sun.management.jmxremote.port = 52428
2020-06-25 18:07:29.304+0000 INFO [o.n.i.d.DiagnosticsManager] user.dir = C:\Users\EGrohs\workspace\Hearthstone-Tools
2020-06-25 18:07:29.304+0000 INFO [o.n.i.d.DiagnosticsManager] user.variant = 
2020-06-25 18:07:29.304+0000 INFO [o.n.i.d.DiagnosticsManager] sun.jnu.encoding = Cp1252
2020-06-25 18:07:29.304+0000 INFO [o.n.i.d.DiagnosticsManager] spring.beaninfo.ignore = true
2020-06-25 18:07:29.304+0000 INFO [o.n.i.d.DiagnosticsManager] spring.jmx.enabled = true
2020-06-25 18:07:29.304+0000 INFO [o.n.i.d.DiagnosticsManager] sun.management.compiler = HotSpot 64-Bit Tiered Compilers
2020-06-25 18:07:29.304+0000 INFO [o.n.i.d.DiagnosticsManager] user.home = C:\Users\EGrohs
2020-06-25 18:07:29.304+0000 INFO [o.n.i.d.DiagnosticsManager] user.timezone = America/Sao_Paulo
2020-06-25 18:07:29.304+0000 INFO [o.n.i.d.DiagnosticsManager] file.encoding = UTF-8
2020-06-25 18:07:29.304+0000 INFO [o.n.i.d.DiagnosticsManager] user.name = EGrohs
2020-06-25 18:07:29.304+0000 INFO [o.n.i.d.DiagnosticsManager] com.sun.management.jmxremote = 
2020-06-25 18:07:29.304+0000 INFO [o.n.i.d.DiagnosticsManager] sun.java.command = hstools.HearthstoneToolsApplication --spring.output.ansi.enabled=always
2020-06-25 18:07:29.304+0000 INFO [o.n.i.d.DiagnosticsManager] sun.arch.data.model = 64
2020-06-25 18:07:29.304+0000 INFO [o.n.i.d.DiagnosticsManager] user.language = pt
2020-06-25 18:07:29.304+0000 INFO [o.n.i.d.DiagnosticsManager] awt.toolkit = sun.awt.windows.WToolkit
2020-06-25 18:07:29.304+0000 INFO [o.n.i.d.DiagnosticsManager] com.sun.management.jmxremote.ssl = false
2020-06-25 18:07:29.305+0000 INFO [o.n.i.d.DiagnosticsManager] spring.boot.project.name = Hearthstone-Tools
2020-06-25 18:07:29.305+0000 INFO [o.n.i.d.DiagnosticsManager] spring.application.admin.enabled = true
2020-06-25 18:07:29.305+0000 INFO [o.n.i.d.DiagnosticsManager] file.separator = \
2020-06-25 18:07:29.305+0000 INFO [o.n.i.d.DiagnosticsManager] sun.io.unicode.encoding = UnicodeLittle
2020-06-25 18:07:29.305+0000 INFO [o.n.i.d.DiagnosticsManager] sun.cpu.endian = little
2020-06-25 18:07:29.305+0000 INFO [o.n.i.d.DiagnosticsManager] sun.desktop = windows
2020-06-25 18:07:29.305+0000 INFO [o.n.i.d.DiagnosticsManager] sun.cpu.isalist = amd64
2020-06-25 18:07:29.305+0000 INFO [o.n.i.d.DiagnosticsManager] (IANA) TimeZone Database Version:
2020-06-25 18:07:29.328+0000 INFO [o.n.i.d.DiagnosticsManager]   TimeZone version: 2019c (available for 600 zone identifiers)
2020-06-25 18:07:29.328+0000 INFO [o.n.i.d.DiagnosticsManager] Network information:
2020-06-25 18:07:29.708+0000 INFO [o.n.i.d.DiagnosticsManager] Interface Software Loopback Interface 1:
2020-06-25 18:07:29.709+0000 INFO [o.n.i.d.DiagnosticsManager]     address: 127.0.0.1
2020-06-25 18:07:29.709+0000 INFO [o.n.i.d.DiagnosticsManager]     address: 0:0:0:0:0:0:0:1
2020-06-25 18:07:29.709+0000 INFO [o.n.i.d.DiagnosticsManager] Interface Microsoft 6to4 Adapter:
2020-06-25 18:07:29.709+0000 INFO [o.n.i.d.DiagnosticsManager] Interface Microsoft IP-HTTPS Platform Adapter:
2020-06-25 18:07:29.709+0000 INFO [o.n.i.d.DiagnosticsManager] Interface TAP-Windows Adapter V9:
2020-06-25 18:07:29.709+0000 INFO [o.n.i.d.DiagnosticsManager]     address: fe80:0:0:0:2911:f267:4274:be8a%net2
2020-06-25 18:07:29.709+0000 INFO [o.n.i.d.DiagnosticsManager] Interface Remote NDIS based Internet Sharing Device #2:
2020-06-25 18:07:29.709+0000 INFO [o.n.i.d.DiagnosticsManager]     address: 192.168.42.217
2020-06-25 18:07:29.709+0000 INFO [o.n.i.d.DiagnosticsManager]     address: fe80:0:0:0:31ff:3e3:ef2:ea9c%eth0
2020-06-25 18:07:29.709+0000 INFO [o.n.i.d.DiagnosticsManager] Interface WAN Miniport (Network Monitor):
2020-06-25 18:07:29.709+0000 INFO [o.n.i.d.DiagnosticsManager] Interface Microsoft Kernel Debug Network Adapter:
2020-06-25 18:07:29.709+0000 INFO [o.n.i.d.DiagnosticsManager] Interface TAP-Windows Adapter V9 for OpenVPN Connect:
2020-06-25 18:07:29.709+0000 INFO [o.n.i.d.DiagnosticsManager]     address: fe80:0:0:0:f082:7ec3:89:5d3%eth3
2020-06-25 18:07:29.709+0000 INFO [o.n.i.d.DiagnosticsManager] Interface Microsoft Wi-Fi Direct Virtual Adapter:
2020-06-25 18:07:29.709+0000 INFO [o.n.i.d.DiagnosticsManager]     address: fe80:0:0:0:88b0:8d90:713a:58d6%wlan0
2020-06-25 18:07:29.709+0000 INFO [o.n.i.d.DiagnosticsManager] Interface WAN Miniport (IP):
2020-06-25 18:07:29.709+0000 INFO [o.n.i.d.DiagnosticsManager] Interface WAN Miniport (PPTP):
2020-06-25 18:07:29.709+0000 INFO [o.n.i.d.DiagnosticsManager] Interface WAN Miniport (IKEv2):
2020-06-25 18:07:29.709+0000 INFO [o.n.i.d.DiagnosticsManager] Interface Microsoft Teredo Tunneling Adapter:
2020-06-25 18:07:29.709+0000 INFO [o.n.i.d.DiagnosticsManager] Interface Microsoft Wi-Fi Direct Virtual Adapter #2:
2020-06-25 18:07:29.709+0000 INFO [o.n.i.d.DiagnosticsManager]     address: fe80:0:0:0:9805:1077:112c:126f%wlan1
2020-06-25 18:07:29.709+0000 INFO [o.n.i.d.DiagnosticsManager] Interface WAN Miniport (SSTP):
2020-06-25 18:07:29.709+0000 INFO [o.n.i.d.DiagnosticsManager] Interface WAN Miniport (PPPOE):
2020-06-25 18:07:29.709+0000 INFO [o.n.i.d.DiagnosticsManager] Interface WAN Miniport (L2TP):
2020-06-25 18:07:29.709+0000 INFO [o.n.i.d.DiagnosticsManager] Interface Qualcomm Atheros QCA9377 Wireless Network Adapter:
2020-06-25 18:07:29.709+0000 INFO [o.n.i.d.DiagnosticsManager]     address: 2804:7f4:c28c:b943:99af:c163:a0b6:553a
2020-06-25 18:07:29.709+0000 INFO [o.n.i.d.DiagnosticsManager]     address: 2804:7f4:c28c:b943:b5cb:b728:8fc2:9f61
2020-06-25 18:07:29.709+0000 INFO [o.n.i.d.DiagnosticsManager]     address: fe80:0:0:0:99af:c163:a0b6:553a%wlan2
2020-06-25 18:07:29.709+0000 INFO [o.n.i.d.DiagnosticsManager] Interface Kaspersky Security Data Escort Adapter:
2020-06-25 18:07:29.709+0000 INFO [o.n.i.d.DiagnosticsManager]     address: fe80:0:0:0:6d1e:d034:c644:edcd%eth5
2020-06-25 18:07:29.709+0000 INFO [o.n.i.d.DiagnosticsManager] Interface Bluetooth Device (Personal Area Network):
2020-06-25 18:07:29.710+0000 INFO [o.n.i.d.DiagnosticsManager]     address: fe80:0:0:0:ecd1:2f6a:4adc:4bff%eth6
2020-06-25 18:07:29.710+0000 INFO [o.n.i.d.DiagnosticsManager] Interface Remote NDIS based Internet Sharing Device:
2020-06-25 18:07:29.710+0000 INFO [o.n.i.d.DiagnosticsManager] Interface WAN Miniport (IPv6):
2020-06-25 18:07:29.710+0000 INFO [o.n.i.d.DiagnosticsManager] Interface TAP-Windows Adapter V9 for OpenVPN Connect-WFP Native MAC Layer LightWeight Filter-0000:
2020-06-25 18:07:29.710+0000 INFO [o.n.i.d.DiagnosticsManager] Interface TAP-Windows Adapter V9 for OpenVPN Connect-Kaspersky Lab NDIS 6 Filter-0000:
2020-06-25 18:07:29.710+0000 INFO [o.n.i.d.DiagnosticsManager] Interface TAP-Windows Adapter V9 for OpenVPN Connect-QoS Packet Scheduler-0000:
2020-06-25 18:07:29.710+0000 INFO [o.n.i.d.DiagnosticsManager] Interface TAP-Windows Adapter V9 for OpenVPN Connect-WFP 802.3 MAC Layer LightWeight Filter-0000:
2020-06-25 18:07:29.710+0000 INFO [o.n.i.d.DiagnosticsManager] Interface TAP-Windows Adapter V9-WFP Native MAC Layer LightWeight Filter-0000:
2020-06-25 18:07:29.710+0000 INFO [o.n.i.d.DiagnosticsManager] Interface TAP-Windows Adapter V9-Kaspersky Lab NDIS 6 Filter-0000:
2020-06-25 18:07:29.710+0000 INFO [o.n.i.d.DiagnosticsManager] Interface TAP-Windows Adapter V9-QoS Packet Scheduler-0000:
2020-06-25 18:07:29.710+0000 INFO [o.n.i.d.DiagnosticsManager] Interface Kaspersky Security Data Escort Adapter-WFP Native MAC Layer LightWeight Filter-0000:
2020-06-25 18:07:29.710+0000 INFO [o.n.i.d.DiagnosticsManager] Interface Kaspersky Security Data Escort Adapter-Kaspersky Lab NDIS 6 Filter-0000:
2020-06-25 18:07:29.710+0000 INFO [o.n.i.d.DiagnosticsManager] Interface Kaspersky Security Data Escort Adapter-QoS Packet Scheduler-0000:
2020-06-25 18:07:29.710+0000 INFO [o.n.i.d.DiagnosticsManager] Interface TAP-Windows Adapter V9-WFP 802.3 MAC Layer LightWeight Filter-0000:
2020-06-25 18:07:29.710+0000 INFO [o.n.i.d.DiagnosticsManager] Interface Kaspersky Security Data Escort Adapter-WFP 802.3 MAC Layer LightWeight Filter-0000:
2020-06-25 18:07:29.710+0000 INFO [o.n.i.d.DiagnosticsManager] Interface Qualcomm Atheros QCA9377 Wireless Network Adapter-WFP Native MAC Layer LightWeight Filter-0000:
2020-06-25 18:07:29.710+0000 INFO [o.n.i.d.DiagnosticsManager] Interface Qualcomm Atheros QCA9377 Wireless Network Adapter-Virtual WiFi Filter Driver-0000:
2020-06-25 18:07:29.710+0000 INFO [o.n.i.d.DiagnosticsManager] Interface Qualcomm Atheros QCA9377 Wireless Network Adapter-Native WiFi Filter Driver-0000:
2020-06-25 18:07:29.710+0000 INFO [o.n.i.d.DiagnosticsManager] Interface Qualcomm Atheros QCA9377 Wireless Network Adapter-Kaspersky Lab NDIS 6 Filter-0000:
2020-06-25 18:07:29.710+0000 INFO [o.n.i.d.DiagnosticsManager] Interface Qualcomm Atheros QCA9377 Wireless Network Adapter-QoS Packet Scheduler-0000:
2020-06-25 18:07:29.710+0000 INFO [o.n.i.d.DiagnosticsManager] Interface Qualcomm Atheros QCA9377 Wireless Network Adapter-WFP 802.3 MAC Layer LightWeight Filter-0000:
2020-06-25 18:07:29.710+0000 INFO [o.n.i.d.DiagnosticsManager] Interface Microsoft Wi-Fi Direct Virtual Adapter-WFP Native MAC Layer LightWeight Filter-0000:
2020-06-25 18:07:29.710+0000 INFO [o.n.i.d.DiagnosticsManager] Interface Microsoft Wi-Fi Direct Virtual Adapter-Native WiFi Filter Driver-0000:
2020-06-25 18:07:29.710+0000 INFO [o.n.i.d.DiagnosticsManager] Interface WAN Miniport (IP)-WFP Native MAC Layer LightWeight Filter-0000:
2020-06-25 18:07:29.710+0000 INFO [o.n.i.d.DiagnosticsManager] Interface WAN Miniport (IP)-Kaspersky Lab NDIS 6 Filter-0000:
2020-06-25 18:07:29.710+0000 INFO [o.n.i.d.DiagnosticsManager] Interface WAN Miniport (IP)-QoS Packet Scheduler-0000:
2020-06-25 18:07:29.710+0000 INFO [o.n.i.d.DiagnosticsManager] Interface WAN Miniport (IPv6)-WFP Native MAC Layer LightWeight Filter-0000:
2020-06-25 18:07:29.710+0000 INFO [o.n.i.d.DiagnosticsManager] Interface WAN Miniport (IPv6)-Kaspersky Lab NDIS 6 Filter-0000:
2020-06-25 18:07:29.710+0000 INFO [o.n.i.d.DiagnosticsManager] Interface WAN Miniport (IPv6)-QoS Packet Scheduler-0000:
2020-06-25 18:07:29.711+0000 INFO [o.n.i.d.DiagnosticsManager] Interface WAN Miniport (Network Monitor)-WFP Native MAC Layer LightWeight Filter-0000:
2020-06-25 18:07:29.711+0000 INFO [o.n.i.d.DiagnosticsManager] Interface WAN Miniport (Network Monitor)-Kaspersky Lab NDIS 6 Filter-0000:
2020-06-25 18:07:29.711+0000 INFO [o.n.i.d.DiagnosticsManager] Interface WAN Miniport (Network Monitor)-QoS Packet Scheduler-0000:
2020-06-25 18:07:29.711+0000 INFO [o.n.i.d.DiagnosticsManager] Interface Microsoft Wi-Fi Direct Virtual Adapter-Kaspersky Lab NDIS 6 Filter-0000:
2020-06-25 18:07:29.711+0000 INFO [o.n.i.d.DiagnosticsManager] Interface Microsoft Wi-Fi Direct Virtual Adapter-QoS Packet Scheduler-0000:
2020-06-25 18:07:29.711+0000 INFO [o.n.i.d.DiagnosticsManager] Interface Microsoft Wi-Fi Direct Virtual Adapter-WFP 802.3 MAC Layer LightWeight Filter-0000:
2020-06-25 18:07:29.711+0000 INFO [o.n.i.d.DiagnosticsManager] Interface Microsoft Wi-Fi Direct Virtual Adapter #2-WFP Native MAC Layer LightWeight Filter-0000:
2020-06-25 18:07:29.711+0000 INFO [o.n.i.d.DiagnosticsManager] Interface Microsoft Wi-Fi Direct Virtual Adapter #2-Native WiFi Filter Driver-0000:
2020-06-25 18:07:29.711+0000 INFO [o.n.i.d.DiagnosticsManager] Interface Microsoft Wi-Fi Direct Virtual Adapter #2-Kaspersky Lab NDIS 6 Filter-0000:
2020-06-25 18:07:29.711+0000 INFO [o.n.i.d.DiagnosticsManager] Interface Microsoft Wi-Fi Direct Virtual Adapter #2-QoS Packet Scheduler-0000:
2020-06-25 18:07:29.711+0000 INFO [o.n.i.d.DiagnosticsManager] Interface Microsoft Wi-Fi Direct Virtual Adapter #2-WFP 802.3 MAC Layer LightWeight Filter-0000:
2020-06-25 18:07:29.711+0000 INFO [o.n.i.d.DiagnosticsManager] Interface Remote NDIS based Internet Sharing Device #2-WFP Native MAC Layer LightWeight Filter-0000:
2020-06-25 18:07:29.711+0000 INFO [o.n.i.d.DiagnosticsManager] Interface Remote NDIS based Internet Sharing Device #2-Kaspersky Lab NDIS 6 Filter-0000:
2020-06-25 18:07:29.711+0000 INFO [o.n.i.d.DiagnosticsManager] Interface Remote NDIS based Internet Sharing Device #2-QoS Packet Scheduler-0000:
2020-06-25 18:07:29.711+0000 INFO [o.n.i.d.DiagnosticsManager] Interface Remote NDIS based Internet Sharing Device #2-WFP 802.3 MAC Layer LightWeight Filter-0000:
2020-06-25 18:07:29.711+0000 INFO [o.n.i.d.DiagnosticsManager] --- INITIALIZED diagnostics END ---
2020-06-25 18:07:29.813+0000 INFO [o.n.k.i.s.f.RecordFormatSelector] Selected format 'RecordFormat:StandardV3_4[v0.A.9]' for the new store
2020-06-25 18:07:30.403+0000 INFO [o.n.k.i.i.l.NativeLabelScanStore] No label index found, this might just be first use. Preparing to rebuild.
2020-06-25 18:07:30.434+0000 INFO [o.n.k.NeoStoreDataSource] Rotated to transaction log [C:\Users\EGrohs\workspace\Hearthstone-Tools\databases\neo4j\neostore.transaction.db.0] version=0, last transaction in previous log=1
2020-06-25 18:07:30.434+0000 INFO [o.n.k.NeoStoreDataSource] No commits found after last check point (which is at <no log position given>)
2020-06-25 18:07:30.434+0000 WARN [o.n.k.i.s.MetaDataStore] Missing counts store, rebuilding it.
2020-06-25 18:07:30.450+0000 WARN [o.n.k.i.s.MetaDataStore] Counts store rebuild completed.
2020-06-25 18:07:30.466+0000 INFO [o.n.k.i.i.l.NativeLabelScanStore] Rebuilding label index, this may take a while
2020-06-25 18:07:30.481+0000 INFO [o.n.k.i.i.l.NativeLabelScanStore] Label index rebuilt (roughly 0 nodes)
2020-06-25 18:07:30.481+0000 INFO [o.n.i.d.DiagnosticsManager] --- STARTED diagnostics for KernelDiagnostics:Versions START ---
2020-06-25 18:07:30.481+0000 INFO [o.n.i.d.DiagnosticsManager] Graph Database: community single StoreId{creationTime=1593108449961, randomId=-6264141751882487790, storeVersion=16094931155187206, upgradeTime=1593108449961, upgradeId=1}
2020-06-25 18:07:30.481+0000 INFO [o.n.i.d.DiagnosticsManager] Kernel version: 3.5.14,932d555a90a30c92acddd30a504e6ae1932a92ae
2020-06-25 18:07:30.481+0000 INFO [o.n.i.d.DiagnosticsManager] --- STARTED diagnostics for KernelDiagnostics:Versions END ---
2020-06-25 18:07:30.481+0000 INFO [o.n.i.d.DiagnosticsManager] --- STARTED diagnostics for NEO_STORE_VERSIONS START ---
2020-06-25 18:07:30.481+0000 INFO [o.n.i.d.DiagnosticsManager] Store versions:
2020-06-25 18:07:30.481+0000 INFO [o.n.i.d.DiagnosticsManager]   ArrayPropertyStore v0.A.9
2020-06-25 18:07:30.481+0000 INFO [o.n.i.d.DiagnosticsManager]   NodeStore v0.A.9
2020-06-25 18:07:30.481+0000 INFO [o.n.i.d.DiagnosticsManager]   StringPropertyStore v0.A.9
2020-06-25 18:07:30.481+0000 INFO [o.n.i.d.DiagnosticsManager]   PropertyIndexStore v0.A.9
2020-06-25 18:07:30.481+0000 INFO [o.n.i.d.DiagnosticsManager]   StringPropertyStore v0.A.9
2020-06-25 18:07:30.481+0000 INFO [o.n.i.d.DiagnosticsManager]   ArrayPropertyStore v0.A.9
2020-06-25 18:07:30.481+0000 INFO [o.n.i.d.DiagnosticsManager]   PropertyStore v0.A.9
2020-06-25 18:07:30.481+0000 INFO [o.n.i.d.DiagnosticsManager]   RelationshipStore v0.A.9
2020-06-25 18:07:30.481+0000 INFO [o.n.i.d.DiagnosticsManager]   StringPropertyStore v0.A.9
2020-06-25 18:07:30.481+0000 INFO [o.n.i.d.DiagnosticsManager]   RelationshipTypeStore v0.A.9
2020-06-25 18:07:30.481+0000 INFO [o.n.i.d.DiagnosticsManager]   StringPropertyStore v0.A.9
2020-06-25 18:07:30.481+0000 INFO [o.n.i.d.DiagnosticsManager]   LabelTokenStore v0.A.9
2020-06-25 18:07:30.481+0000 INFO [o.n.i.d.DiagnosticsManager]   SchemaStore v0.A.9
2020-06-25 18:07:30.481+0000 INFO [o.n.i.d.DiagnosticsManager]   RelationshipGroupStore v0.A.9
2020-06-25 18:07:30.481+0000 INFO [o.n.i.d.DiagnosticsManager]   NeoStore v0.A.9
2020-06-25 18:07:30.481+0000 INFO [o.n.i.d.DiagnosticsManager] --- STARTED diagnostics for NEO_STORE_VERSIONS END ---
2020-06-25 18:07:30.481+0000 INFO [o.n.i.d.DiagnosticsManager] --- STARTED diagnostics for NEO_STORE_ID_USAGE START ---
2020-06-25 18:07:30.481+0000 INFO [o.n.i.d.DiagnosticsManager] Id usage:
2020-06-25 18:07:30.481+0000 INFO [o.n.i.d.DiagnosticsManager]   ArrayPropertyStore: used=1 high=0
2020-06-25 18:07:30.481+0000 INFO [o.n.i.d.DiagnosticsManager]   NodeStore: used=0 high=-1
2020-06-25 18:07:30.481+0000 INFO [o.n.i.d.DiagnosticsManager]   StringPropertyStore: used=1 high=0
2020-06-25 18:07:30.481+0000 INFO [o.n.i.d.DiagnosticsManager]   PropertyIndexStore: used=0 high=-1
2020-06-25 18:07:30.481+0000 INFO [o.n.i.d.DiagnosticsManager]   StringPropertyStore: used=1 high=0
2020-06-25 18:07:30.481+0000 INFO [o.n.i.d.DiagnosticsManager]   ArrayPropertyStore: used=1 high=0
2020-06-25 18:07:30.481+0000 INFO [o.n.i.d.DiagnosticsManager]   PropertyStore: used=0 high=-1
2020-06-25 18:07:30.481+0000 INFO [o.n.i.d.DiagnosticsManager]   RelationshipStore: used=0 high=-1
2020-06-25 18:07:30.481+0000 INFO [o.n.i.d.DiagnosticsManager]   StringPropertyStore: used=1 high=0
2020-06-25 18:07:30.481+0000 INFO [o.n.i.d.DiagnosticsManager]   RelationshipTypeStore: used=0 high=-1
2020-06-25 18:07:30.481+0000 INFO [o.n.i.d.DiagnosticsManager]   StringPropertyStore: used=1 high=0
2020-06-25 18:07:30.481+0000 INFO [o.n.i.d.DiagnosticsManager]   LabelTokenStore: used=0 high=-1
2020-06-25 18:07:30.481+0000 INFO [o.n.i.d.DiagnosticsManager]   SchemaStore: used=1 high=0
2020-06-25 18:07:30.481+0000 INFO [o.n.i.d.DiagnosticsManager]   RelationshipGroupStore: used=1 high=0
2020-06-25 18:07:30.481+0000 INFO [o.n.i.d.DiagnosticsManager]   NeoStore: used=15 high=14
2020-06-25 18:07:30.481+0000 INFO [o.n.i.d.DiagnosticsManager] --- STARTED diagnostics for NEO_STORE_ID_USAGE END ---
2020-06-25 18:07:30.481+0000 INFO [o.n.i.d.DiagnosticsManager] --- STARTED diagnostics for NEO_STORE_RECORDS START ---
2020-06-25 18:07:30.481+0000 INFO [o.n.i.d.DiagnosticsManager] Neostore records:
2020-06-25 18:07:30.481+0000 INFO [o.n.i.d.DiagnosticsManager] TIME (Creation time): 1593108449961
2020-06-25 18:07:30.481+0000 INFO [o.n.i.d.DiagnosticsManager] RANDOM_NUMBER (Random number for store id): -6264141751882487790
2020-06-25 18:07:30.481+0000 INFO [o.n.i.d.DiagnosticsManager] LOG_VERSION (Current log version): 0
2020-06-25 18:07:30.497+0000 INFO [o.n.i.d.DiagnosticsManager] LAST_TRANSACTION_ID (Last committed transaction): 1
2020-06-25 18:07:30.497+0000 INFO [o.n.i.d.DiagnosticsManager] STORE_VERSION (Store format version): 16094931155187206
2020-06-25 18:07:30.497+0000 INFO [o.n.i.d.DiagnosticsManager] FIRST_GRAPH_PROPERTY (First property record containing graph properties): -1
2020-06-25 18:07:30.497+0000 INFO [o.n.i.d.DiagnosticsManager] LAST_CONSTRAINT_TRANSACTION (Last committed transaction containing constraint changes): 0
2020-06-25 18:07:30.497+0000 INFO [o.n.i.d.DiagnosticsManager] UPGRADE_TRANSACTION_ID (Transaction id most recent upgrade was performed at): 1
2020-06-25 18:07:30.497+0000 INFO [o.n.i.d.DiagnosticsManager] UPGRADE_TIME (Time of last upgrade): 1593108449961
2020-06-25 18:07:30.497+0000 INFO [o.n.i.d.DiagnosticsManager] LAST_TRANSACTION_CHECKSUM (Checksum of last committed transaction): 0
2020-06-25 18:07:30.497+0000 INFO [o.n.i.d.DiagnosticsManager] UPGRADE_TRANSACTION_CHECKSUM (Checksum of transaction id the most recent upgrade was performed at): 0
2020-06-25 18:07:30.497+0000 INFO [o.n.i.d.DiagnosticsManager] LAST_CLOSED_TRANSACTION_LOG_VERSION (Log version where the last transaction commit entry has been written into): 0
2020-06-25 18:07:30.497+0000 INFO [o.n.i.d.DiagnosticsManager] LAST_CLOSED_TRANSACTION_LOG_BYTE_OFFSET (Byte offset in the log file where the last transaction commit entry has been written into): 16
2020-06-25 18:07:30.497+0000 INFO [o.n.i.d.DiagnosticsManager] LAST_TRANSACTION_COMMIT_TIMESTAMP (Commit time timestamp for last committed transaction): 0
2020-06-25 18:07:30.497+0000 INFO [o.n.i.d.DiagnosticsManager] UPGRADE_TRANSACTION_COMMIT_TIMESTAMP (Commit timestamp of transaction the most recent upgrade was performed at): 0
2020-06-25 18:07:30.497+0000 INFO [o.n.i.d.DiagnosticsManager] --- STARTED diagnostics for NEO_STORE_RECORDS END ---
2020-06-25 18:07:30.497+0000 INFO [o.n.i.d.DiagnosticsManager] --- STARTED diagnostics for TRANSACTION_RANGE START ---
2020-06-25 18:07:30.497+0000 INFO [o.n.i.d.DiagnosticsManager] Transaction log:
2020-06-25 18:07:30.497+0000 INFO [o.n.i.d.DiagnosticsManager] No transactions found in any log
2020-06-25 18:07:30.497+0000 INFO [o.n.i.d.DiagnosticsManager] --- STARTED diagnostics for TRANSACTION_RANGE END ---
2020-06-25 18:07:30.497+0000 INFO [o.n.i.d.DiagnosticsManager] --- STARTED diagnostics for KernelDiagnostics:StoreFiles START ---
2020-06-25 18:07:30.497+0000 INFO [o.n.i.d.DiagnosticsManager] Disk space on partition (Total / Free / Free %): 128017494016 / 2440335360 / 1
2020-06-25 18:07:30.497+0000 INFO [o.n.i.d.DiagnosticsManager] Storage files: (filename : modification date - size)
2020-06-25 18:07:30.497+0000 INFO [o.n.i.d.DiagnosticsManager]   index:
2020-06-25 18:07:30.497+0000 INFO [o.n.i.d.DiagnosticsManager]   - Total: 2020-06-25T15:07:30-0300 - 0.00 B
2020-06-25 18:07:30.497+0000 INFO [o.n.i.d.DiagnosticsManager]   neostore: 2020-06-25T15:07:29-0300 - 8.00 kB
2020-06-25 18:07:30.497+0000 INFO [o.n.i.d.DiagnosticsManager]   neostore.counts.db.a: 2020-06-25T15:07:30-0300 - 96.00 B
2020-06-25 18:07:30.497+0000 INFO [o.n.i.d.DiagnosticsManager]   neostore.id: 2020-06-25T15:07:29-0300 - 9.00 B
2020-06-25 18:07:30.497+0000 INFO [o.n.i.d.DiagnosticsManager]   neostore.labelscanstore.db: 2020-06-25T15:07:30-0300 - 40.00 kB
2020-06-25 18:07:30.497+0000 INFO [o.n.i.d.DiagnosticsManager]   neostore.labeltokenstore.db: 2020-06-25T15:07:29-0300 - 0.00 B
2020-06-25 18:07:30.497+0000 INFO [o.n.i.d.DiagnosticsManager]   neostore.labeltokenstore.db.id: 2020-06-25T15:07:29-0300 - 9.00 B
2020-06-25 18:07:30.497+0000 INFO [o.n.i.d.DiagnosticsManager]   neostore.labeltokenstore.db.names: 2020-06-25T15:07:29-0300 - 8.00 kB
2020-06-25 18:07:30.497+0000 INFO [o.n.i.d.DiagnosticsManager]   neostore.labeltokenstore.db.names.id: 2020-06-25T15:07:29-0300 - 9.00 B
2020-06-25 18:07:30.497+0000 INFO [o.n.i.d.DiagnosticsManager]   neostore.nodestore.db: 2020-06-25T15:07:29-0300 - 0.00 B
2020-06-25 18:07:30.497+0000 INFO [o.n.i.d.DiagnosticsManager]   neostore.nodestore.db.id: 2020-06-25T15:07:29-0300 - 9.00 B
2020-06-25 18:07:30.497+0000 INFO [o.n.i.d.DiagnosticsManager]   neostore.nodestore.db.labels: 2020-06-25T15:07:29-0300 - 8.00 kB
2020-06-25 18:07:30.497+0000 INFO [o.n.i.d.DiagnosticsManager]   neostore.nodestore.db.labels.id: 2020-06-25T15:07:29-0300 - 9.00 B
2020-06-25 18:07:30.497+0000 INFO [o.n.i.d.DiagnosticsManager]   neostore.propertystore.db: 2020-06-25T15:07:29-0300 - 0.00 B
2020-06-25 18:07:30.497+0000 INFO [o.n.i.d.DiagnosticsManager]   neostore.propertystore.db.arrays: 2020-06-25T15:07:29-0300 - 8.00 kB
2020-06-25 18:07:30.497+0000 INFO [o.n.i.d.DiagnosticsManager]   neostore.propertystore.db.arrays.id: 2020-06-25T15:07:29-0300 - 9.00 B
2020-06-25 18:07:30.497+0000 INFO [o.n.i.d.DiagnosticsManager]   neostore.propertystore.db.id: 2020-06-25T15:07:29-0300 - 9.00 B
2020-06-25 18:07:30.497+0000 INFO [o.n.i.d.DiagnosticsManager]   neostore.propertystore.db.index: 2020-06-25T15:07:29-0300 - 0.00 B
2020-06-25 18:07:30.497+0000 INFO [o.n.i.d.DiagnosticsManager]   neostore.propertystore.db.index.id: 2020-06-25T15:07:29-0300 - 9.00 B
2020-06-25 18:07:30.497+0000 INFO [o.n.i.d.DiagnosticsManager]   neostore.propertystore.db.index.keys: 2020-06-25T15:07:29-0300 - 8.00 kB
2020-06-25 18:07:30.497+0000 INFO [o.n.i.d.DiagnosticsManager]   neostore.propertystore.db.index.keys.id: 2020-06-25T15:07:29-0300 - 9.00 B
2020-06-25 18:07:30.497+0000 INFO [o.n.i.d.DiagnosticsManager]   neostore.propertystore.db.strings: 2020-06-25T15:07:29-0300 - 8.00 kB
2020-06-25 18:07:30.497+0000 INFO [o.n.i.d.DiagnosticsManager]   neostore.propertystore.db.strings.id: 2020-06-25T15:07:29-0300 - 9.00 B
2020-06-25 18:07:30.513+0000 INFO [o.n.i.d.DiagnosticsManager]   neostore.relationshipgroupstore.db: 2020-06-25T15:07:29-0300 - 8.00 kB
2020-06-25 18:07:30.513+0000 INFO [o.n.i.d.DiagnosticsManager]   neostore.relationshipgroupstore.db.id: 2020-06-25T15:07:29-0300 - 9.00 B
2020-06-25 18:07:30.513+0000 INFO [o.n.i.d.DiagnosticsManager]   neostore.relationshipstore.db: 2020-06-25T15:07:29-0300 - 0.00 B
2020-06-25 18:07:30.513+0000 INFO [o.n.i.d.DiagnosticsManager]   neostore.relationshipstore.db.id: 2020-06-25T15:07:29-0300 - 9.00 B
2020-06-25 18:07:30.513+0000 INFO [o.n.i.d.DiagnosticsManager]   neostore.relationshiptypestore.db: 2020-06-25T15:07:29-0300 - 0.00 B
2020-06-25 18:07:30.513+0000 INFO [o.n.i.d.DiagnosticsManager]   neostore.relationshiptypestore.db.id: 2020-06-25T15:07:29-0300 - 9.00 B
2020-06-25 18:07:30.513+0000 INFO [o.n.i.d.DiagnosticsManager]   neostore.relationshiptypestore.db.names: 2020-06-25T15:07:29-0300 - 8.00 kB
2020-06-25 18:07:30.513+0000 INFO [o.n.i.d.DiagnosticsManager]   neostore.relationshiptypestore.db.names.id: 2020-06-25T15:07:29-0300 - 9.00 B
2020-06-25 18:07:30.513+0000 INFO [o.n.i.d.DiagnosticsManager]   neostore.schemastore.db: 2020-06-25T15:07:29-0300 - 8.00 kB
2020-06-25 18:07:30.513+0000 INFO [o.n.i.d.DiagnosticsManager]   neostore.schemastore.db.id: 2020-06-25T15:07:29-0300 - 9.00 B
2020-06-25 18:07:30.513+0000 INFO [o.n.i.d.DiagnosticsManager]   neostore.transaction.db.0: 2020-06-25T15:07:30-0300 - 16.00 B
2020-06-25 18:07:30.513+0000 INFO [o.n.i.d.DiagnosticsManager] Storage summary: 
2020-06-25 18:07:30.513+0000 INFO [o.n.i.d.DiagnosticsManager]   Total size of store: 112.24 kB
2020-06-25 18:07:30.513+0000 INFO [o.n.i.d.DiagnosticsManager]   Total size of mapped files: 112.00 kB
2020-06-25 18:07:30.513+0000 INFO [o.n.i.d.DiagnosticsManager] --- STARTED diagnostics for KernelDiagnostics:StoreFiles END ---
2020-06-25 18:07:30.513+0000 INFO [o.n.k.a.DatabaseAvailabilityGuard] Fulfilling of requirement 'Database available' makes database neo4j available.
2020-06-25 18:07:30.513+0000 INFO [o.n.k.a.DatabaseAvailabilityGuard] Database neo4j is ready.
2020-06-25 18:07:30.513+0000 INFO [o.n.k.i.DatabaseHealth] Database health set to OK
2020-06-25 18:07:50.322+0000 INFO [o.n.c.i.ExecutionEngine] Discarded stale query from the query cache after 10 seconds: UNWIND $rows as row CREATE (n:`Tag`) SET n=row.props RETURN row.nodeRef as ref, ID(n) as id, $type as type
2020-06-25 18:07:50.369+0000 INFO [o.n.c.i.ExecutionEngine] Discarded stale query from the query cache after 10 seconds: UNWIND $rows as row CREATE (n:`Card`) SET n=row.props RETURN row.nodeRef as ref, ID(n) as id, $type as type
2020-06-25 18:07:50.650+0000 INFO [o.n.c.i.ExecutionEngine] Discarded stale query from the query cache after 10 seconds: UNWIND $rows as row MATCH (startNode) WHERE ID(startNode) = row.startNodeId WITH row,startNode MATCH (endNode) WHERE ID(endNode) = row.endNodeId MERGE (startNode)-[rel:`TAGS`]->(endNode) RETURN row.relRef as ref, ID(rel) as id, $type as type
2020-06-25 18:07:50.810+0000 INFO [o.n.c.i.ExecutionEngine] Discarded stale query from the query cache after 10 seconds: UNWIND $rows as row MATCH (n) WHERE ID(n)=row.nodeId SET n:`Tag` SET n += row.props RETURN row.nodeId as ref, ID(n) as id, $type as type
2020-06-25 18:07:56.327+0000 INFO [o.n.g.f.GraphDatabaseFacadeFactory] Shutdown started
2020-06-25 18:07:56.333+0000 INFO [o.n.k.a.DatabaseAvailabilityGuard] Database neo4j is unavailable.
2020-06-25 18:07:56.338+0000 INFO [o.n.g.f.GraphDatabaseFacadeFactory] Shutting down 'neo4j' database.
2020-06-25 18:07:56.338+0000 INFO [o.n.g.f.GraphDatabaseFacadeFactory] Shutdown started
2020-06-25 18:07:56.344+0000 INFO [o.n.k.i.t.l.c.CheckPointerImpl] Checkpoint triggered by "Database shutdown" @ txId: 2547 checkpoint started...
2020-06-25 18:07:56.355+0000 INFO [o.n.k.i.s.c.CountsTracker] Rotated counts store at transaction 2547 to [C:\Users\EGrohs\workspace\Hearthstone-Tools\databases\neo4j\neostore.counts.db.b], from [C:\Users\EGrohs\workspace\Hearthstone-Tools\databases\neo4j\neostore.counts.db.a].
2020-06-25 18:07:56.408+0000 INFO [o.n.k.i.t.l.c.CheckPointerImpl] Checkpoint triggered by "Database shutdown" @ txId: 2547 checkpoint completed in 63ms
2020-06-25 18:07:56.409+0000 INFO [o.n.k.i.t.l.p.LogPruningImpl] No log version pruned, last checkpoint was made in version 0
2020-06-25 18:07:56.426+0000 INFO [o.n.i.d.DiagnosticsManager] --- STOPPING diagnostics START ---
2020-06-25 18:07:56.426+0000 INFO [o.n.i.d.DiagnosticsManager] --- STOPPING diagnostics END ---
